*9:12:52* *GET* */*
*9:12:52* *GET* */css/style.css*
*9:12:52* *GET* */images/logo/logo.png*
*9:13:38* *GET* */*
*9:13:39* *GET* */css/style.css*
*9:13:39* *GET* */images/logo/logo.png*
*9:20:10* *GET* */*
*9:20:11* *GET* */css/style.css*
*9:20:11* *GET* */images/logo/logo.png*
*9:23:50* *GET* */*
*9:23:51* *GET* */css/style.css*
*9:23:51* *GET* */images/logo/logo.png*
*9:24:5* *GET* */*
*9:24:6* *GET* */css/style.css*
*9:24:6* *GET* */images/logo/logo.png*
*9:24:12* *POST* */index*
*9:24:29* *GET* */*
*9:24:29* *GET* */css/style.css*
*9:24:29* *GET* */images/logo/logo.png*
*9:25:4* *GET* */*
*9:25:4* *GET* */css/style.css*
*9:25:4* *GET* */images/logo/logo.png*
*9:25:27* *GET* */*
*9:25:40* *GET* */*
*9:26:36* *GET* */*
*9:26:44* *GET* */*
*9:26:48* *GET* */*
*9:27:4* *GET* */*
*9:27:25* *GET* */*
*9:27:25* *GET* */css/style.css*
*9:27:25* *GET* */images/logo/logo.png*
*9:27:32* *GET* */*
*9:27:33* *GET* */css/style.css*
*9:27:33* *GET* */images/logo/logo.png*
*9:27:36* *GET* */*
*9:27:36* *GET* */css/style.css*
*9:27:36* *GET* */images/logo/logo.png*
*9:28:18* *GET* */*
*9:28:18* *GET* */css/style.css*
*9:28:18* *GET* */images/logo/logo.png*
*9:28:29* *GET* */*
*9:28:30* *GET* */css/style.css*
*9:28:30* *GET* */images/logo/logo.png*
*9:28:45* *GET* */*
*9:28:45* *GET* */css/style.css*
*9:28:45* *GET* */images/logo/logo.png*
*9:30:32* *GET* */admin*
*9:30:32* *GET* */*
*9:30:32* *GET* */images/logo/logo.png*
*9:30:32* *GET* */css/style.css*
*9:30:40* *GET* */admin*
*9:30:40* *GET* */*
*9:30:41* *GET* */css/style.css*
*9:30:41* *GET* */images/logo/logo.png*
*9:30:44* *POST* */index*
*9:30:55* *GET* */*
*9:30:55* *GET* */css/style.css*
*9:30:55* *GET* */images/logo/logo.png*
*9:30:59* *POST* */index*
*9:31:51* *GET* */*
*9:31:52* *GET* */css/style.css*
*9:31:52* *GET* */images/logo/logo.png*
*9:31:55* *POST* */index*
*9:32:26* *GET* */*
*9:32:27* *GET* */css/style.css*
*9:32:27* *GET* */images/logo/logo.png*
*9:32:30* *POST* */*
*9:32:48* *GET* */*
*9:32:48* *GET* */css/style.css*
*9:32:48* *GET* */images/logo/logo.png*
*9:32:52* *POST* */*
*9:33:2* *GET* */*
*9:33:2* *GET* */css/style.css*
*9:33:2* *GET* */images/logo/logo.png*
*9:33:24* *POST* */*
*9:35:11* *GET* */*
*9:35:11* *GET* */css/style.css*
*9:35:11* *GET* */images/logo/logo.png*
*9:35:14* *POST* */*
*9:35:16* *GET* */*
*9:35:17* *GET* */css/style.css*
*9:35:17* *GET* */images/logo/logo.png*
*9:35:28* *POST* */*
*9:37:44* *GET* */*
*9:37:44* *GET* */css/style.css*
*9:37:44* *GET* */images/logo/logo.png*
*9:37:51* *POST* */*
*9:38:15* *GET* */*
*9:38:15* *GET* */css/style.css*
*9:38:15* *GET* */images/logo/logo.png*
*9:38:19* *POST* */*
*9:39:31* *POST* */*
*9:39:38* *GET* */*
*9:39:39* *GET* */css/style.css*
*9:39:39* *GET* */images/logo/logo.png*
*9:39:42* *POST* */*
*9:39:48* *GET* */*
*9:39:48* *GET* */css/style.css*
*9:39:48* *GET* */images/logo/logo.png*
*9:39:53* *POST* */*
*9:41:17* *GET* */*
*9:41:17* *GET* */css/style.css*
*9:41:17* *GET* */images/logo/logo.png*
*9:41:24* *POST* */*
*9:43:8* *GET* */*
*9:43:8* *GET* */css/style.css*
*9:43:8* *GET* */images/logo/logo.png*
*9:43:17* *POST* */*
*9:45:4* *GET* */*
*9:45:4* *GET* */css/style.css*
*9:45:4* *GET* */images/logo/logo.png*
*9:45:15* *POST* */*
*9:45:16* *GET* */admin*
*9:46:28* *GET* */*
*9:46:28* *GET* */css/style.css*
*9:46:29* *GET* */images/logo/logo.png*
*9:46:29* *GET* */css/style.css*
*9:46:32* *POST* */*
*9:46:38* *GET* */*
*9:46:39* *GET* */css/style.css*
*9:46:39* *GET* */images/logo/logo.png*
*9:46:50* *POST* */*
*9:47:48* *GET* */*
*9:47:48* *GET* */css/style.css*
*9:47:48* *GET* */images/logo/logo.png*
*9:49:14* *POST* */*
*9:49:51* *POST* */*
*9:49:55* *GET* */*
*9:49:55* *GET* */css/style.css*
*9:49:55* *GET* */images/logo/logo.png*
*9:49:55* *GET* */css/style.css*
*10:32:40* *GET* */*
*10:32:40* *GET* */css/style.css*
*10:32:40* *GET* */images/logo/logo.png*
*10:32:45* *POST* */*
*10:32:48* *GET* */*
*10:33:11* *GET* */*
*10:33:11* *GET* */css/style.css*
*10:33:11* *GET* */images/logo/logo.png*
*10:34:13* *GET* */*
*10:34:14* *GET* */images/logo/logo.png*
*10:34:14* *GET* */css/style.css*
*10:35:50* *GET* */*
*10:35:50* *GET* */css/style.css*
*10:35:50* *GET* */images/logo/logo.png*
*10:36:1* *POST* */*
*10:36:1* *GET* */admin*
*10:36:9* *GET* */*
*10:36:9* *GET* */css/style.css*
*10:36:9* *GET* */images/logo/logo.png*
*10:36:9* *GET* */css/style.css*
*10:36:13* *GET* */admin*
*10:36:41* *GET* */*
*10:36:41* *GET* */css/style.css*
*10:36:41* *GET* */images/logo/logo.png*
*10:36:41* *GET* */*
*10:36:43* *GET* */images/logo/logo.png*
*10:36:43* *GET* */css/style.css*
*10:36:43* *GET* */images/logo/logo.png*
*10:36:46* *GET* */admin*
*10:36:50* *GET* */*
*10:36:51* *GET* */css/style.css*
*10:36:51* *GET* */images/logo/logo.png*
*10:37:16* *GET* */admin*
*10:37:16* *GET* */*
*10:37:17* *GET* */css/style.css*
*10:37:17* *GET* */images/logo/logo.png*
*10:37:43* *POST* */*
*10:37:44* *GET* */admin*
*10:38:4* *GET* */*
*10:38:4* *GET* */css/style.css*
*10:38:4* *GET* */images/logo/logo.png*
*10:38:21* *GET* */*
*10:38:22* *GET* */css/style.css*
*10:38:22* *GET* */images/logo/logo.png*
*10:39:2* *GET* */*
*10:39:13* *GET* */*
*10:39:43* *POST* */*
*10:39:43* *GET* */admin*
*10:40:14* *GET* */admin*
*10:40:25* *GET* */*
*10:40:31* *GET* */admin/*
*10:40:35* *GET* */*
*10:41:10* *GET* */*
*10:41:14* *GET* */*
*10:41:25* *GET* */favicon.ico*
*10:41:29* *GET* */*
*10:41:35* *GET* */admin*
*10:44:24* *GET* */*
*10:44:34* *POST* */*
*10:45:58* *GET* */*
*10:46:2* *GET* */admin*
*10:46:8* *GET* */*
*10:46:46* *GET* */admin*
*10:46:46* *GET* */pages/loginfail*
*10:47:1* *GET* */admin*
*10:47:4* *GET* */*
*10:47:18* *POST* */*
*10:47:19* *GET* */admin*
*10:47:22* *GET* */*
*10:47:26* *GET* */admin*
*10:48:56* *GET* */*
*10:49:7* *POST* */*
*10:49:10* *GET* */*
*10:49:15* *POST* */*
*10:49:15* *GET* */admin*
*10:49:15* *GET* */js/auth.js*
*10:49:26* *GET* */index*
*10:49:57* *GET* */*
*10:50:10* *POST* */*
*10:50:13* *GET* */*
*10:50:20* *POST* */*
*10:50:20* *GET* */admin*
*10:50:20* *GET* */js/auth.js*
*10:50:54* *GET* */index*
*10:51:36* *GET* */*
*10:51:50* *POST* */*
*10:51:51* *GET* */*
*10:51:56* *POST* */*
*10:51:56* *GET* */admin*
*10:51:59* *GET* */index.html*
*10:52:26* *GET* */*
*10:52:30* *POST* */*
*10:52:31* *GET* */admin*
*10:52:34* *GET* */pages/css/style.css*
*10:52:34* *GET* */pages/images/logo/logo.png*
*10:52:34* *GET* */pages/images/icon/grid/website.png*
*10:52:34* *GET* */pages/images/icon/grid/database.png*
*10:52:34* *GET* */pages/images/icon/grid/ftp.png*
*10:52:36* *GET* */pages/images/icon/favicon.png*
*10:53:39* *GET* */pages/css/style.css*
*10:53:39* *GET* */pages/images/icon/grid/website.png*
*10:53:39* *GET* */pages/images/icon/grid/ftp.png*
*10:53:39* *GET* */pages/images/icon/grid/database.png*
*10:53:39* *GET* */pages/images/logo/logo.png*
*10:56:1* *GET* */*
*10:56:7* *POST* */*
*10:56:7* *GET* */admin*
*10:56:9* *GET* */admin*
*10:56:14* *GET* */admin*
*10:57:48* *GET* */*
*10:57:58* *POST* */*
*10:57:58* *GET* */loginon*
*10:58:1* *GET* */admin*
*10:58:1* *GET* */pages/images/icon/grid/ftp.png*
*10:58:1* *GET* */pages/images/logo/logo.png*
*10:58:1* *GET* */pages/images/icon/grid/database.png*
*10:58:1* *GET* */pages/images/icon/grid/website.png*
*10:58:1* *GET* */pages/css/style.css*
*11:0:32* *GET* */*
*11:0:45* *POST* */*
*11:0:45* *GET* */loginon*
*11:0:49* *GET* */admin*
*11:0:57* *GET* */*
*11:1:31* *GET* */*
*11:1:50* *GET* */admin*
*11:1:55* *GET* */*
*11:3:51* *GET* */loginon*
*11:3:54* *GET* */*
*11:4:14* *GET* */admin*
*11:4:18* *GET* */*
*11:4:40* *GET* */loginon*
*11:4:46* *GET* */*
*11:4:58* *GET* */loginon*
*11:6:49* *GET* */*
*11:6:55* *GET* */loginon*
*11:6:58* *GET* */*
*11:7:7* *POST* */*
*11:7:7* *GET* */loginon*
*11:7:12* *GET* */admin*
*11:9:24* *GET* */*
*11:9:45* *POST* */*
*11:9:45* *GET* */loginon*
*11:9:48* *GET* */admin*
*11:9:56* *GET* */*
*11:10:39* *GET* */*
*11:10:43* *GET* */admin*
*11:10:47* *GET* */*
*11:10:53* *POST* */*
*11:11:0* *GET* */loginon*
*11:11:4* *GET* */admin*
*11:11:9* *GET* */*
*13:11:15* *GET* */*
*13:11:42* *POST* */*
*13:11:42* *GET* */loginon*
*13:11:45* *GET* */admin*
*13:12:18* *GET* */admin*
*13:14:20* *GET* */admin*
*13:14:28* *GET* */adminpanel*
*13:14:46* *GET* */logout*
*13:14:46* *GET* */*
*13:15:24* *GET* */adminpanel*
*13:15:45* *GET* */adminpanel*
*13:15:53* *GET* */loginon*
*13:15:55* *GET* */adminpanel*
*13:16:0* *GET* */*
*13:20:1* *GET* */*
*13:20:9* *GET* */adminpanel*
*13:21:50* *GET* */*
*13:22:0* *GET* */adminpanel*
*13:22:3* *GET* */*
*13:22:18* *GET* */*
*13:22:47* *POST* */*
*13:22:50* *GET* */*
*13:22:55* *POST* */*
*13:22:55* *GET* */loginon*
*13:22:57* *GET* */adminpanel*
*13:23:13* *GET* */adminpanel*
*13:24:19* *GET* */*
*13:24:33* *POST* */*
*13:24:36* *GET* */*
*13:24:42* *GET* */adminpanel*
*14:19:58* *GET* */*
*14:20:12* *POST* */*
*14:20:12* *GET* */loginon*
*14:20:14* *GET* */adminpanel*
*14:22:25* *GET* */adminpanel*
*14:22:30* *GET* */*
*14:22:44* *POST* */*
*14:22:47* *GET* */*
*14:22:50* *POST* */*
*14:22:50* *GET* */loginon*
*14:22:52* *GET* */adminpanel*
*14:23:3* *GET* */*
*14:23:18* *GET* */adminpanel*
*14:23:20* *GET* */*
*14:23:44* *POST* */*
*14:23:44* *GET* */loginon*
*14:23:46* *GET* */adminpanel*
*14:24:49* *GET* */adminpanel*
*14:24:51* *GET* */*
*14:25:0* *POST* */*
*14:25:0* *GET* */loginon*
*14:25:20* *GET* */adminpanel*
*14:25:22* *GET* */*
*14:25:33* *POST* */*
*14:25:33* *GET* */loginon*
*14:25:38* *GET* */adminpanel*
*14:25:41* *GET* */*
*14:25:46* *GET* */adminpanel*
*14:25:50* *GET* */*
*14:26:3* *POST* */*
*14:26:3* *GET* */loginon*
*14:26:8* *GET* */adminpanel*
*14:26:18* *GET* */*
*14:26:24* *POST* */*
*14:26:24* *GET* */loginon*
*14:26:31* *GET* */loginon*
*14:26:32* *GET* */*
*14:26:46* *POST* */*
*14:26:46* *GET* */loginon*
*14:26:48* *GET* */adminpanel*
*14:27:6* *GET* */adminpanel*
*14:27:8* *GET* */*
*14:27:15* *POST* */*
*14:27:15* *GET* */loginon*
*14:27:18* *GET* */adminpanel*
*14:27:19* *GET* */adminpanel*
*14:28:1* *GET* */*
*14:28:20* *POST* */*
*14:28:20* *GET* */loginon*
*14:29:35* *GET* */loginon*
*14:31:53* *GET* */*
*14:31:59* *POST* */*
*14:32:3* *GET* */*
*14:33:6* *GET* */*
*14:33:12* *POST* */*
*14:33:12* *GET* */loginfail*
*14:33:49* *GET* */loginfail*
*14:34:1* *GET* */loginfail*
*14:34:4* *GET* */*
*14:34:15* *GET* */admin*
*14:34:20* *GET* */adminpanel*
*14:34:20* *GET* */loginfail*
*14:34:23* *GET* */*
*14:34:32* *POST* */*
*14:34:32* *GET* */loginon*
*14:34:34* *GET* */adminpanel*
*14:34:39* *GET* */*
*14:34:57* *GET* */adminpanel*
*14:34:57* *GET* */loginfail*
*14:35:11* *GET* */logout*
*14:35:11* *GET* */*
*14:38:24* *GET* */*
*14:38:38* *GET* */adminpanel*
*14:38:38* *GET* */loginfail*
*14:38:41* *GET* */*
*14:38:53* *POST* */*
*14:38:54* *GET* */loginon*
*14:38:56* *GET* */adminpanel*
*14:41:22* *GET* */adminpanel*
*14:41:22* *GET* */loginfail*
*14:41:27* *GET* */*
*14:41:37* *POST* */*
*14:41:38* *GET* */loginon*
*14:41:39* *GET* */adminpanel*
*14:42:21* *GET* */*
*14:42:28* *POST* */*
*14:42:28* *GET* */loginfail*
*14:42:30* *GET* */*
*14:42:37* *GET* */adminpanel*
*14:42:49* *GET* */logout*
*14:42:49* *GET* */*
*14:43:12* *GET* */logout*
*14:43:12* *GET* */*
*14:43:24* *GET* */admin*
*14:43:27* *GET* */adminpanel*
*14:43:31* *GET* */*
*14:49:10* *GET* */*
*14:49:13* *GET* */*
*14:49:22* *POST* */*
*14:49:22* *GET* */loginon*
*14:49:24* *GET* */adminpanel*
*14:49:34* *GET* */logout*
*14:49:34* *GET* */*
*14:50:19* *GET* */*
*14:50:29* *POST* */*
*14:50:29* *GET* */loginon*
*14:50:31* *GET* */adminpanel*
*14:50:38* *GET* */logout*
*14:50:39* *GET* */*
*14:50:45* *GET* */adminpanel*
*14:50:52* *GET* */*
*14:52:19* *GET* */*
*14:52:28* *GET* */admipanel*
*14:52:33* *GET* */adminpanel*
*14:52:38* *GET* */*
*14:53:13* *GET* */adminpanel*
*14:53:19* *GET* */*
*14:56:27* *GET* */*
*14:56:38* *POST* */*
*14:56:38* *GET* */loginon*
*14:56:40* *GET* */adminpanel*
*14:57:5* *GET* */logout*
*14:57:5* *GET* */*
*14:57:37* *GET* */*
*14:57:45* *GET* */logout*
*14:57:45* *GET* */*
*14:58:24* *GET* */logout*
*14:58:24* *GET* */*
*14:58:40* *GET* */logout*
*14:58:40* *GET* */*
*14:58:56* *GET* */logout*
*14:58:56* *GET* */*
*15:0:5* *GET* */*
*15:0:10* *GET* */adminpanel*
*15:0:29* *GET* */logout*
*15:0:29* *GET* */*
*15:1:22* *GET* */adminpanel*
*15:1:27* *GET* */logout*
*15:1:28* *GET* */*
*15:1:34* *GET* */adminpanel*
*15:1:46* *GET* */logout*
*15:1:46* *GET* */*
*15:6:13* *GET* */logout*
*15:6:36* *GET* */logout*
*15:6:37* *GET* */*
*15:8:22* *GET* */logout*
*15:9:0* *GET* */logout*
*15:9:2* *GET* */logout*
*15:9:30* *GET* */logout*
*15:9:41* *GET* */logout*
*15:10:6* *GET* */logout*
*15:10:42* *GET* */logout*
*15:10:50* *GET* */logout*
*15:10:59* *GET* */logout*
*15:10:59* *GET* */*
*15:12:19* *POST* */*
*15:12:20* *GET* */loginon*
*15:12:27* *GET* */adminpanel*
*15:12:35* *GET* */logout*
*15:13:3* *GET* */logout*
*15:13:6* *GET* */logout*
*15:13:36* *GET* */logout*
*15:14:16* *GET* */logout*
*15:15:36* *GET* */logout*
*15:15:44* *GET* */logout*
*15:15:44* *GET* */*
*15:16:2* *GET* */*
*15:16:8* *GET* */logout*
*15:16:8* *GET* */*
*15:18:33* *GET* */*
*15:18:39* *GET* */logout*
*15:18:39* *GET* */*
*15:19:13* *GET* */*
*15:19:17* *GET* */logout*
*15:19:17* *GET* */*
*15:21:23* *GET* */logout*
*15:21:23* *GET* */*
*15:21:53* *POST* */*
*15:21:54* *GET* */loginon*
*15:21:56* *GET* */adminpanel*
*15:22:3* *GET* */*
*15:22:12* *GET* */adminpanel*
*15:22:20* *GET* */logout*
*15:22:20* *GET* */*
*15:22:28* *GET* */*
*15:22:52* *GET* */logout*
*15:22:52* *GET* */*
*15:23:10* *GET* */*
*15:23:18* *POST* */*
*15:23:18* *GET* */loginon*
*15:23:20* *GET* */adminpanel*
*15:23:48* *GET* */log/*
*15:23:51* *GET* */logout*
*15:23:51* *GET* */*
*15:24:1* *GET* */logout*
*15:24:1* *GET* */*
*15:24:20* *POST* */*
*15:24:21* *GET* */loginon*
*15:24:24* *GET* */adminpanel*
*15:24:29* *GET* */logout*
*15:24:29* *GET* */*
*15:24:50* *GET* */logout*
*15:24:51* *GET* */*
*15:25:2* *POST* */*
*15:25:2* *GET* */loginon*
*15:25:4* *GET* */adminpanel*
*15:25:16* *GET* */logout*
*15:25:17* *GET* */*
*15:25:28* *GET* */adminpanel*
*15:25:28* *GET* */loginfail*
*15:25:35* *GET* */adminpanel*
*15:25:36* *GET* */loginfail*
*15:25:37* *GET* */*
*15:25:47* *POST* */*
*15:25:47* *GET* */loginon*
*15:25:53* *GET* */adminpanel*
*15:26:2* *GET* */logout*
*15:26:3* *GET* */*
*15:26:28* *GET* */logout*
*15:26:37* *GET* */logout*
*15:26:37* *GET* */*
*15:28:24* *POST* */*
*15:28:25* *GET* */loginfail*
*15:28:27* *GET* */*
*15:28:33* *POST* */*
*15:28:33* *GET* */loginon*
*15:28:35* *GET* */adminpanel*
*15:28:45* *GET* */logout*
*15:28:45* *GET* */*
*15:29:4* *GET* */logout*
*15:29:5* *GET* */*
*15:29:16* *POST* */*
*15:29:17* *GET* */loginon*
*15:29:19* *GET* */adminpanel*
*15:29:23* *GET* */logout*
*15:29:23* *GET* */*
*15:29:35* *GET* */adminpanel*
*15:29:35* *GET* */loginfail*
*15:29:37* *GET* */*
*15:29:45* *POST* */*
*15:29:45* *GET* */loginon*
*15:29:52* *GET* */adminpanel*
*15:30:2* *GET* */logout*
*15:30:2* *GET* */*
*15:30:16* *GET* */adminpanel*
*15:30:17* *GET* */loginfail*
*15:30:19* *GET* */*
*15:30:30* *POST* */*
*15:30:30* *GET* */loginon*
*15:30:31* *GET* */adminpanel*
*15:30:36* *GET* */logout*
*15:30:36* *GET* */*
*15:30:43* *GET* */adminpanel*
*15:30:43* *GET* */loginfail*
*15:30:45* *GET* */*
*15:36:48* *GET* */*
*15:37:7* *GET* */*
*15:37:13* *POST* */*
*15:37:14* *GET* */loginon*
*15:37:16* *GET* */adminpanel*
*15:37:21* *GET* */*
*15:37:28* *GET* */daminpanel*
*15:37:33* *GET* */adminpanel*
*15:37:39* *GET* */logout*
*15:37:39* *GET* */*
*15:37:44* *POST* */*
*15:37:44* *GET* */loginfail*
*15:37:48* *GET* */*
*15:37:58* *POST* */*
*15:37:58* *GET* */loginon*
*15:38:0* *GET* */adminpanel*
*15:38:26* *GET* */logout*
*15:38:26* *GET* */*
*15:42:7* *POST* */*
*15:42:21* *POST* */*
*15:42:21* *GET* */loginon*
*15:42:39* *GET* */loginon*
*15:42:58* *GET* */*
*15:43:3* *POST* */*
*15:43:3* *GET* */loginon*
*15:43:53* *GET* */loginon*
*15:43:58* *GET* */adminpanel*
*15:44:38* *GET* */adminpanel*
*15:44:47* *GET* */loginon*
*15:47:10* *GET* */loginon*
*15:47:18* *GET* */index.html*
*15:47:58* *GET* */*
*15:48:3* *POST* */*
*15:48:3* *GET* */loginon*
*15:48:5* *GET* */adminpanel*
*15:48:11* *GET* */adminpanel*
*15:49:40* *GET* */loginon*
*15:49:41* *GET* */loginfail*
*15:49:52* *GET* */*
*15:49:58* *POST* */*
*15:49:58* *GET* */loginfail*
*15:50:1* *GET* */*
*15:50:13* *POST* */*
*15:50:13* *GET* */loginon*
*15:50:13* *GET* */loginfail*
*15:50:41* *GET* */*
*15:50:51* *POST* */*
*15:50:51* *GET* */loginon*
*15:50:51* *GET* */loginfail*
*15:50:53* *GET* */*
*15:50:58* *GET* */logout*
*15:50:59* *GET* */*
*15:51:14* *POST* */*
*15:51:14* *GET* */loginon*
*15:51:16* *GET* */adminpanel*
*15:54:51* *GET* */adminpanel*
*15:54:56* *GET* */loginon*
*15:54:58* *GET* */adminpanel*
*15:55:9* *GET* */loginon*
*15:55:28* *GET* */loginon*
*15:57:36* *GET* */loginon*
*15:57:43* *GET* */loginon*
*15:58:9* *GET* */loginon*
*15:58:19* *GET* */loginon*
*15:58:55* *GET* */loginon*
*15:58:57* *GET* */loginon*
*15:59:35* *GET* */loginon*
*16:1:38* *GET* */loginon*
*16:4:46* *GET* */*
*16:4:50* *POST* */*
*16:4:50* *GET* */loginon*
*16:5:5* *GET* */loginon*
*16:5:30* *GET* */loginon*
*16:11:47* *GET* */adminpanel*
*16:13:56* *GET* */*
*16:14:1* *POST* */*
*16:14:1* *GET* */loginon*
*16:14:4* *GET* */adminpanel*
*16:14:42* *GET* */loginon*
*16:15:48* *GET* */loginon*
*16:16:35* *GET* */loginon*
*16:16:47* *GET* */loginon*
*16:17:10* *GET* */loginon*
*16:17:49* *GET* */loginon*
*16:18:14* *GET* */loginon*
*16:18:30* *GET* */loginon*
*16:18:47* *GET* */loginon*
*16:23:36* *GET* */loginon*
*16:23:38* *GET* */adminpanel*
*16:23:44* *GET* */logout*
*16:23:44* *GET* */*
*16:23:59* *GET* */adminpanel*
*16:23:59* *GET* */loginfail*
*16:24:1* *GET* */*
*16:24:6* *POST* */*
*16:24:6* *GET* */loginon*
*16:24:8* *GET* */adminpanel*
*16:24:16* *GET* */*
*16:24:22* *POST* */*
*16:24:22* *GET* */loginon*
*16:24:24* *GET* */adminpanel*
*16:24:43* *GET* */*
*16:34:48* *GET* */*
*16:34:54* *POST* */*
*16:34:54* *GET* */loginon*
*16:34:54* *GET* */static/js/auth.js*
*16:36:45* *GET* */loginon*
*16:36:45* *GET* */static/js/auth.js*
*16:37:29* *GET* */loginon*
*16:37:29* *GET* */static/js/auth.js*
*16:37:34* *GET* */adminpanel*
*16:37:38* *GET* */*
*16:37:38* *GET* */static/js/auth.js*
*16:37:42* *POST* */*
*16:37:42* *GET* */loginon*
*16:37:43* *GET* */static/js/auth.js*
*16:38:37* *GET* */loginon*
*16:38:37* *GET* */static/js/auth.js*
*16:39:15* *GET* */loginon*
*16:39:15* *GET* */static/js/auth.js*
*16:39:47* *GET* */loginon*
*16:39:47* *GET* */static/js/auth.js*
*16:40:25* *GET* */loginon*
*16:40:25* *GET* */static/js/auth.js*
*16:40:57* *GET* */loginon*
*16:40:57* *GET* */static/js/auth.js*
*16:41:50* *GET* */loginon*
*16:41:50* *GET* */static/js/auth.js*
*16:41:57* *GET* */loginon*
*16:41:57* *GET* */static/js/auth.js*
*16:43:1* *GET* */loginon*
*16:43:8* *GET* */loginon*
*16:43:22* *GET* */logout*
*16:43:22* *GET* */*
*16:43:29* *POST* */*
*16:43:29* *GET* */loginon*
*16:44:8* *GET* */loginon*
*16:44:8* *GET* */static/js/auth.js*
*16:44:48* *GET* */loginon*
*16:45:3* *GET* */loginon*
*16:47:11* *GET* */loginon*
*16:47:27* *GET* */loginon*
*16:48:8* *GET* */loginon*
*16:48:18* *GET* */loginon*
*16:49:8* *GET* */loginon*
*16:49:57* *GET* */loginon*
*16:50:13* *GET* */loginon*
*16:51:2* *GET* */loginon*
*16:51:49* *GET* */*
*16:53:15* *GET* */*
*16:53:22* *POST* */*
*16:53:22* *GET* */loginfail*
*16:53:34* *GET* */*
*16:53:40* *POST* */*
*16:53:40* *GET* */loginon*
*16:54:50* *GET* */loginon*
*16:54:53* *GET* */*
*16:54:58* *POST* */*
*16:54:58* *GET* */loginon*
*16:55:57* *GET* */loginon*
*16:56:3* *GET* */loginon*
*16:56:8* *GET* */*
*16:56:13* *POST* */*
*16:56:13* *GET* */loginon*
*16:57:45* *GET* */*
*16:57:50* *POST* */*
*16:57:50* *GET* */loginon*
*16:57:53* *GET* */adminpanel*
*16:58:53* *GET* */*
*17:0:18* *GET* */*
*17:0:23* *POST* */*
*17:0:23* *GET* */loginon*
*17:1:4* *GET* */*
*17:1:7* *POST* */*
*17:1:7* *GET* */loginon*
*17:1:9* *GET* */adminpanel*
*18:46:32* *GET* */*
*18:46:57* *POST* */*
*18:46:57* *GET* */loginfail*
*18:47:0* *GET* */*
*18:47:14* *GET* */adminpanel*
*18:47:14* *GET* */loginfail*
*18:47:18* *GET* */*
*18:47:23* *POST* */*
*18:47:24* *GET* */loginon*
*18:47:27* *GET* */adminpanel*
*18:47:34* *GET* */adminpanel*
*18:47:57* *GET* */*
*18:48:3* *GET* */adminpanel*
*18:48:16* *GET* */logout*
*18:48:16* *GET* */*
*18:48:30* *GET* */adminpanel*
*18:48:30* *GET* */loginfail*
*18:49:0* *GET* */*
*20:25:39* *GET* */*
*20:25:43* *POST* */*
*20:25:43* *GET* */loginfail*
*20:25:45* *GET* */*
*20:25:49* *POST* */*
*20:25:49* *GET* */loginfail*
*20:25:52* *GET* */*
*20:25:57* *POST* */*
*20:25:57* *GET* */loginfail*
*20:26:0* *GET* */*
*20:26:6* *POST* */*
*20:26:6* *GET* */loginon*
*20:26:11* *GET* */adminpanel*
*20:30:27* *GET* */*
*20:31:9* *GET* */logout*
*20:31:10* *GET* */*
*20:50:52* *GET* */*
*20:52:11* *GET* */*
*20:52:17* *POST* */*
*20:52:18* *GET* */loginon*
*20:52:20* *GET* */adminpanel*
*20:54:21* *GET* */adminpanel*
*20:54:21* *GET* */loginfail*
*20:54:29* *GET* */*
*20:54:33* *POST* */*
*20:54:33* *GET* */loginon*
*20:54:44* *GET* */adminpanel*
*20:55:29* *GET* */adminpanel*
*20:55:37* *GET* */*
*20:55:41* *POST* */*
*20:55:42* *GET* */loginon*
*20:55:56* *GET* */adminpanel*
*20:56:0* *GET* */*
*20:56:4* *POST* */*
*20:56:4* *GET* */loginon*
*20:56:34* *GET* */logout*
*20:56:35* *GET* */*
*20:56:43* *POST* */*
*20:56:43* *GET* */loginon*
*20:57:19* *GET* */logout*
*20:57:20* *GET* */*
*20:57:27* *POST* */*
*20:57:27* *GET* */loginon*
*20:58:58* *GET* */*
*20:59:2* *POST* */*
*20:59:34* *GET* */*
*20:59:37* *POST* */*
*21:5:26* *GET* */*
*21:5:30* *POST* */*
*21:5:47* *POST* */*
*21:5:49* *GET* */*
*21:5:58* *POST* */*
*21:8:46* *GET* */*
*21:8:50* *POST* */*
*21:9:16* *GET* */*
*21:9:19* *POST* */*
*21:9:51* *GET* */*
*21:9:54* *POST* */*
*21:10:16* *GET* */*
*21:10:18* *POST* */*
*21:10:19* *GET* */loginon*
*21:10:31* *GET* */adminpanel*
*21:11:7* *GET* */*
*21:11:11* *POST* */*
*21:11:47* *GET* */*
*21:11:52* *POST* */*
*21:12:24* *GET* */*
*21:12:27* *POST* */*
*21:12:27* *GET* */loginon*
*21:12:46* *GET* */*
*21:12:50* *POST* */*
*21:13:57* *GET* */*
*21:14:0* *POST* */*
*21:14:18* *GET* */*
*21:14:21* *POST* */*
*21:14:21* *GET* */loginon*
*21:15:5* *GET* */loginon*
*21:15:9* *GET* */adminpanel*
*21:15:17* *GET* */*
*21:15:20* *POST* */*
*21:15:20* *GET* */loginon*
*21:15:35* *GET* */adminpanel*
*21:15:35* *GET* */loginfail*
*21:15:36* *GET* */*
*21:15:39* *POST* */*
*21:15:39* *GET* */loginon*
*21:17:7* *GET* */*
*21:17:11* *POST* */*
*21:17:11* *GET* */loginon*
*21:22:1* *GET* */*
*21:22:5* *POST* */*
*21:22:5* *GET* */loginon*
*21:22:26* *GET* */*
*21:22:29* *POST* */*
*21:23:30* *GET* */*
*21:23:33* *POST* */*
*21:23:33* *GET* */loginon*
*21:24:15* *GET* */*
*21:24:18* *POST* */*
*21:24:43* *GET* */*
*21:24:46* *POST* */*
*21:25:20* *GET* */*
*21:25:23* *POST* */*
*21:25:30* *GET* */*
*21:25:32* *POST* */*
*21:25:40* *GET* */*
*21:25:43* *POST* */*
*21:25:43* *GET* */loginon*
*21:26:10* *GET* */*
*21:26:13* *POST* */*
*21:26:13* *GET* */loginon*
*21:30:34* *GET* */*
*21:30:37* *POST* */*
*21:30:43* *POST* */*
*21:30:52* *POST* */*
*21:31:19* *GET* */*
*21:31:22* *POST* */*
*21:31:51* *POST* */*
*21:31:52* *GET* */loginon*
*21:33:0* *GET* */loginon*
*21:33:0* *GET* */loginfail*
*21:33:1* *GET* */*
*21:33:4* *POST* */*
*21:33:17* *GET* */*
*21:33:21* *POST* */*
*21:33:21* *GET* */loginon*
*21:33:42* *GET* */*
*21:33:45* *POST* */*
*21:33:45* *GET* */loginon*
*21:34:8* *GET* */*
*21:34:12* *POST* */*
*21:34:47* *GET* */*
*21:34:53* *POST* */*
*21:35:4* *GET* */*
*21:35:7* *POST* */*
*21:35:25* *GET* */*
*21:35:28* *POST* */*
*21:35:28* *GET* */loginon*
*21:35:52* *GET* */*
*21:35:57* *POST* */*
*21:36:5* *GET* */*
*21:36:8* *POST* */*
*21:36:38* *GET* */*
*21:40:24* *GET* */*
*21:40:29* *POST* */*
*21:40:29* *GET* */loginon*
*21:41:15* *GET* */*
*21:41:18* *POST* */*
*21:41:18* *GET* */loginon*
*21:41:47* *GET* */*
*21:41:52* *POST* */*
*21:41:52* *GET* */loginon*
*21:43:40* *GET* */*
*21:43:43* *POST* */*
*21:44:0* *GET* */*
*21:44:3* *POST* */*
*21:44:4* *GET* */loginon*
*21:44:57* *GET* */*
*21:45:0* *POST* */*
*21:45:26* *GET* */*
*21:45:29* *POST* */*
*21:45:30* *GET* */loginon*
*21:45:45* *GET* */*
*21:45:49* *POST* */*
*21:45:49* *GET* */loginon*
*21:49:15* *GET* */*
*21:49:18* *POST* */*
*21:49:52* *GET* */*
*21:49:55* *POST* */*
*21:49:55* *GET* */loginon*
*21:54:2* *GET* */adminpanel*
*21:54:2* *GET* */loginfail*
*21:54:5* *GET* */*
*21:54:11* *POST* */*
*21:54:11* *GET* */loginon*
*22:2:55* *GET* */*
*22:3:0* *POST* */*
*22:3:0* *GET* */loginon*
*22:5:43* *GET* */*
*22:5:49* *POST* */*
*22:7:5* *GET* */*
*22:7:11* *POST* */*
*22:7:45* *GET* */*
*22:7:48* *POST* */*
*22:9:16* *GET* */*
*22:9:19* *POST* */*
*22:9:58* *GET* */*
*22:10:1* *POST* */*
*22:10:22* *GET* */*
*22:10:25* *POST* */*
*22:10:49* *GET* */*
*22:10:52* *POST* */*
*22:11:20* *GET* */*
*22:11:23* *POST* */*
*22:12:42* *GET* */*
*22:12:45* *POST* */*
*22:13:1* *GET* */*
*22:13:3* *POST* */*
*22:13:24* *GET* */*
*22:13:28* *POST* */*
*22:13:38* *GET* */*
*22:13:42* *POST* */*
*22:14:18* *GET* */*
*22:14:21* *POST* */*
*22:14:55* *GET* */*
*22:14:57* *POST* */*
*22:18:46* *GET* */*
*22:18:49* *POST* */*
*22:18:50* *GET* */loginfail*
*22:18:54* *GET* */*
*22:19:11* *POST* */*
*22:19:11* *GET* */loginfail*
*22:19:13* *GET* */*
*22:23:17* *GET* */*
*22:23:21* *POST* */*
*22:23:21* *GET* */loginfail*
*22:24:37* *GET* */*
*22:24:41* *POST* */*
*22:24:41* *GET* */loginfail*
*22:26:56* *GET* */*
*22:26:58* *POST* */*
*22:26:58* *GET* */loginfail*
*22:28:13* *GET* */*
*22:28:15* *POST* */*
*22:28:15* *GET* */loginfail*
*22:31:46* *GET* */*
*22:31:48* *POST* */*
*22:32:5* *GET* */*
*22:32:7* *POST* */*
*22:32:18* *GET* */*
*22:32:20* *POST* */*
*22:32:20* *GET* */loginfail*
*22:37:13* *GET* */*
*22:37:15* *POST* */*
*22:37:15* *GET* */loginfail*
*22:37:44* *GET* */*
*22:37:46* *POST* */*
*22:37:46* *GET* */loginfail*
*22:38:32* *GET* */*
*22:38:33* *POST* */*
*22:38:34* *GET* */loginfail*
*22:39:19* *GET* */*
*22:39:21* *POST* */*
*22:39:21* *GET* */loginfail*
*22:39:30* *GET* */*
*22:39:31* *POST* */*
*22:39:31* *GET* */loginfail*
*22:39:43* *GET* */*
*22:39:44* *POST* */*
*22:39:44* *GET* */loginfail*
*22:40:27* *GET* */*
*22:40:28* *POST* */*
*22:40:28* *GET* */loginfail*
*22:41:21* *GET* */*
*22:41:22* *POST* */*
*22:41:22* *GET* */loginfail*
*22:42:56* *GET* */*
*22:42:57* *POST* */*
*22:42:57* *GET* */loginfail*
*22:43:38* *GET* */*
*22:43:39* *POST* */*
*22:44:25* *GET* */*
*22:44:27* *POST* */*
*22:45:29* *GET* */*
*22:45:31* *POST* */*
*22:45:31* *GET* */loginfail*
*22:46:49* *GET* */*
*22:46:50* *POST* */*
*22:47:32* *GET* */*
*22:47:34* *POST* */*
*22:47:34* *GET* */loginfail*
*22:49:33* *GET* */*
*22:49:34* *POST* */*
*22:49:35* *GET* */loginfail*
*22:51:58* *GET* */*
*22:52:0* *POST* */*
*22:52:0* *GET* */loginfail*
*22:55:26* *GET* */*
*22:55:27* *POST* */*
*22:55:27* *GET* */loginfail*
*22:55:43* *GET* */*
*22:55:44* *POST* */*
*22:55:44* *GET* */loginfail*
*22:57:11* *GET* */*
*22:57:13* *POST* */*
*22:57:13* *GET* */loginfail*
*22:57:54* *GET* */*
*22:57:55* *POST* */*
*22:57:55* *GET* */loginfail*
*22:58:11* *GET* */*
*22:58:12* *POST* */*
*22:58:13* *GET* */loginfail*
*22:58:39* *GET* */*
*22:58:41* *POST* */*
*22:58:41* *GET* */loginfail*
*22:59:41* *GET* */*
*22:59:43* *POST* */*
*22:59:43* *GET* */loginfail*
*23:0:30* *GET* */*
*23:0:31* *POST* */*
*23:0:31* *GET* */loginfail*
*23:2:1* *GET* */*
*23:2:2* *POST* */*
*23:2:3* *GET* */loginfail*
*23:3:49* *GET* */loginfail*
*23:3:50* *GET* */*
*23:3:51* *POST* */*
*23:3:52* *GET* */loginfail*
*23:4:21* *GET* */*
*23:4:22* *POST* */*
*23:4:23* *GET* */loginfail*
*23:4:47* *GET* */*
*23:4:48* *POST* */*
*23:4:49* *GET* */loginfail*
*23:6:7* *GET* */*
*23:6:8* *POST* */*
*23:6:8* *GET* */loginfail*
*23:6:23* *GET* */*
*23:6:24* *POST* */*
*23:6:24* *GET* */loginfail*
*23:7:26* *GET* */*
*23:7:28* *POST* */*
*23:7:28* *GET* */loginfail*
*23:7:58* *GET* */*
*23:7:59* *POST* */*
*23:8:16* *GET* */*
*23:8:17* *POST* */*
*23:9:12* *GET* */*
*23:9:14* *POST* */*
*23:10:3* *GET* */*
*23:10:5* *POST* */*
*23:10:34* *GET* */*
*23:10:37* *POST* */*
*23:11:42* *GET* */*
*23:11:44* *POST* */*
*23:12:5* *GET* */*
*23:12:7* *POST* */*
*23:13:2* *GET* */*
*23:13:4* *POST* */*
*23:13:51* *GET* */*
*23:13:53* *POST* */*
*23:14:19* *GET* */*
*23:14:21* *POST* */*
*23:16:29* *GET* */*
*23:16:30* *POST* */*
*23:16:45* *GET* */*
*23:16:46* *POST* */*
*23:17:0* *GET* */*
*23:17:3* *POST* */*
*23:17:27* *GET* */*
*23:17:29* *POST* */*
*23:17:52* *GET* */*
*23:17:53* *POST* */*
*23:18:3* *GET* */*
*23:18:5* *POST* */*
*23:20:10* *GET* */*
*23:20:12* *POST* */*
*23:21:3* *GET* */*
*23:21:5* *POST* */*
*23:22:37* *GET* */*
*23:22:39* *POST* */*
*23:24:43* *GET* */*
*23:24:44* *POST* */*
*23:27:44* *GET* */*
*23:27:46* *POST* */*
*23:28:11* *GET* */*
*23:28:13* *POST* */*
*23:29:2* *GET* */*
*23:29:4* *POST* */*
*23:31:10* *GET* */*
*23:31:11* *POST* */*
*23:35:13* *GET* */*
*23:35:15* *POST* */*
*23:36:20* *GET* */*
*23:36:21* *POST* */*
*23:37:30* *GET* */*
*23:37:31* *POST* */*
*23:38:1* *GET* */*
*23:38:3* *POST* */*
*23:39:21* *GET* */*
*23:39:22* *POST* */*
*23:40:8* *GET* */*
*23:40:10* *POST* */*
*23:40:22* *GET* */loginfail*
*23:40:27* *GET* */*
*23:40:28* *POST* */*
*23:40:39* *GET* */loginfail*
*23:40:44* *GET* */*
*23:40:47* *POST* */*
*23:41:44* *GET* */loginfail*
*23:41:45* *GET* */*
*23:41:46* *POST* */*
*23:43:4* *GET* */loginfail*
*23:43:5* *GET* */*
*23:43:9* *POST* */*
*23:44:34* *GET* */loginfail*
*23:44:35* *GET* */*
*23:44:36* *POST* */*
*23:45:11* *POST* */*
*23:45:45* *POST* */*
*23:47:45* *GET* */*
*23:47:47* *POST* */*
*23:48:3* *GET* */*
*23:48:5* *POST* */*
*23:48:46* *GET* */*
*23:48:48* *POST* */*
*23:49:54* *POST* */*
*23:50:1* *GET* */*
*23:50:3* *POST* */*
*23:51:9* *GET* */*
*23:51:11* *POST* */*
*23:51:42* *GET* */*
*23:51:43* *POST* */*
*23:52:3* *GET* */*
*23:52:5* *POST* */*
*23:52:49* *GET* */*
*23:52:50* *POST* */*
*23:52:59* *GET* */*
*23:53:1* *POST* */*
*23:53:13* *GET* */*
*23:53:15* *POST* */*
*23:55:9* *GET* */*
*23:55:11* *POST* */*
*23:55:27* *GET* */*
*23:55:28* *POST* */*
*23:55:40* *GET* */*
*23:55:42* *POST* */*
*23:56:4* *GET* */*
*23:56:5* *POST* */*
*23:56:54* *GET* */*
*23:56:56* *POST* */*
*23:57:38* *GET* */*
*23:57:40* *POST* */*
*23:58:24* *GET* */*
*23:58:26* *POST* */*
*23:58:49* *GET* */*
*23:58:51* *POST* */*
*0:1:33* *GET* */*
*0:1:36* *POST* */*
*0:1:46* *POST* */*
*0:1:48* *POST* */*
*0:1:49* *POST* */*
*0:2:32* *GET* */*
*0:2:34* *POST* */*
*0:2:59* *POST* */*
*0:3:44* *POST* */*
*0:3:48* *GET* */*
*0:3:50* *POST* */*
*0:16:57* *GET* */*
*0:16:59* *POST* */*
*0:19:11* *GET* */*
*0:19:13* *POST* */*
*0:19:13* *GET* */loginfail*
*0:19:14* *GET* */*
*0:19:17* *POST* */*
*0:19:17* *GET* */loginon*
*0:19:18* *GET* */adminpanel*
*0:30:47* *GET* */*
*0:30:49* *POST* */*
*0:30:49* *GET* */loginfail*
*0:30:52* *GET* */*
*0:31:9* *GET* */logout*
*0:31:10* *GET* */*
*0:31:18* *POST* */*
*0:31:19* *GET* */loginfail*
*0:31:30* *GET* */*
*0:31:34* *POST* */*
*0:31:34* *GET* */loginon*
*0:33:44* *GET* */adminpanel*
*0:33:47* *GET* */*
*0:33:50* *POST* */*
*0:33:50* *GET* */loginfail*
*0:33:51* *GET* */*
*0:33:55* *POST* */*
*0:33:55* *GET* */loginfail*
*0:34:9* *GET* */*
*0:34:14* *POST* */*
*0:34:14* *GET* */loginon*
*0:38:41* *GET* */loginon*
*0:38:42* *GET* */adminpanel*
*0:38:46* *GET* */*
*0:38:48* *POST* */*
*0:38:48* *GET* */loginfail*
*1:20:15* *GET* */*
*1:20:19* *POST* */*
*1:20:19* *GET* */loginfail*
*1:20:20* *GET* */*
*1:36:50* *GET* */*
*1:36:53* *POST* */*
*1:37:16* *GET* */*
*1:37:18* *POST* */*
*1:37:18* *GET* */loginfail*
*1:37:19* *GET* */*
*1:37:23* *POST* */*
*1:37:23* *GET* */loginfail*
*1:37:25* *GET* */*
*1:37:39* *POST* */*
*1:37:56* *GET* */*
*1:38:1* *POST* */*
*1:38:1* *GET* */loginfail*
*1:38:3* *GET* */*
*1:38:9* *POST* */*
*1:38:9* *GET* */loginon*
*1:38:10* *GET* */adminpanel*
*1:39:26* *GET* */*
*1:39:28* *POST* */*
*1:39:28* *GET* */loginfail*
*1:43:21* *GET* */*
*1:43:23* *POST* */*
*1:43:23* *GET* */loginfail*
*1:43:53* *GET* */*
*1:43:54* *POST* */*
*1:43:54* *GET* */loginfail*
*1:45:25* *GET* */*
*1:45:27* *POST* */*
*1:45:27* *GET* */loginfail*
*1:45:29* *GET* */*
*1:52:15* *GET* */*
*1:52:17* *POST* */*
*1:52:17* *GET* */loginfail*
*1:56:4* *GET* */*
*1:56:5* *POST* */*
*1:56:5* *GET* */loginfail*
*1:56:23* *GET* */*
*1:56:25* *POST* */*
*1:56:25* *GET* */loginfail*
*1:56:46* *GET* */*
*1:56:48* *POST* */*
*1:56:48* *GET* */loginfail*
*1:57:16* *GET* */*
*1:57:17* *POST* */*
*1:57:17* *GET* */loginfail*
*2:1:19* *GET* */*
*2:1:21* *POST* */*
*2:1:21* *GET* */loginfail*
*2:1:23* *GET* */*
*2:1:29* *POST* */*
*2:1:29* *GET* */loginfail*
*2:1:32* *GET* */*
*2:1:36* *POST* */*
*2:1:36* *GET* */loginon*
*2:1:37* *GET* */adminpanel*
*2:4:7* *GET* */*
*2:4:9* *POST* */*
*2:4:9* *GET* */loginfail*
*2:4:18* *GET* */*
*2:4:29* *POST* */*
*2:4:29* *GET* */loginon*
*2:20:15* *GET* */adminpanel*
*2:20:15* *GET* */loginfail*
*2:20:16* *GET* */*
*2:20:18* *POST* */*
*2:20:19* *GET* */loginfail*
*2:20:44* *GET* */*
*14:11:3* *GET* */*
*14:11:10* *POST* */*
*14:11:11* *GET* */loginon*
*14:11:28* *GET* */adminpanel*
*14:11:32* *GET* */*
*14:12:24* *GET* */*
*14:12:49* *POST* */*
*14:12:50* *GET* */loginfail*
*14:12:52* *GET* */*
*14:14:14* *GET* */*
*14:15:22* *GET* */*
*14:15:25* *POST* */*
*14:15:25* *GET* */loginfail*
*14:17:9* *GET* */*
*15:27:19* *GET* */*
*15:27:22* *POST* */*
*15:27:22* *GET* */loginfail*
*15:27:25* *GET* */*
*15:29:20* *POST* */*
*15:29:20* *GET* */loginfail*
*15:29:28* *GET* */*
*15:29:32* *POST* */*
*15:29:32* *GET* */loginfail*
*15:29:36* *GET* */*
*15:29:41* *POST* */*
*15:29:41* *GET* */loginfail*
*15:29:43* *GET* */*
*15:32:12* *POST* */*
*15:32:12* *GET* */loginfail*
*15:33:18* *GET* */*
*15:33:21* *POST* */*
*15:33:21* *GET* */loginfail*
*15:34:52* *GET* */*
*15:34:57* *POST* */*
*15:35:45* *GET* */*
*15:35:47* *POST* */*
*15:35:47* *GET* */loginfail*
*15:36:51* *GET* */*
*15:36:53* *POST* */*
*15:36:53* *GET* */loginfail*
*15:37:27* *GET* */*
*15:37:29* *POST* */*
*15:37:29* *GET* */loginfail*
*15:39:21* *GET* */*
*15:39:39* *POST* */*
*15:39:39* *GET* */loginfail*
*15:39:45* *GET* */*
*15:39:51* *POST* */*
*15:39:52* *GET* */loginfail*
*15:39:54* *GET* */*
*15:40:3* *POST* */*
*15:40:3* *GET* */loginfail*
*15:41:31* *GET* */*
*15:41:42* *POST* */*
*15:41:42* *GET* */loginfail*
*15:41:56* *GET* */*
*15:42:2* *POST* */*
*15:42:2* *GET* */loginfail*
*15:42:4* *GET* */*
*15:42:24* *POST* */*
*15:42:24* *GET* */loginfail*
*15:43:13* *GET* */*
*15:43:15* *POST* */*
*15:43:16* *GET* */loginfail*
*15:44:16* *GET* */*
*15:44:18* *POST* */*
*15:44:41* *POST* */*
*15:44:53* *POST* */*
*15:44:53* *GET* */loginfail*
*15:44:55* *GET* */*
*15:44:57* *POST* */*
*15:44:57* *GET* */loginfail*
*15:45:11* *GET* */*
*15:45:13* *POST* */*
*15:45:13* *GET* */loginfail*
*15:45:59* *GET* */*
*15:46:1* *POST* */*
*15:48:1* *POST* */*
*15:49:42* *GET* */*
*15:49:45* *POST* */*
*15:50:1* *POST* */*
*15:50:1* *GET* */loginfail*
*15:50:8* *GET* */*
*15:50:10* *POST* */*
*15:50:10* *GET* */loginfail*
*15:51:28* *GET* */*
*15:51:30* *POST* */*
*15:51:31* *GET* */loginfail*
*15:52:14* *GET* */*
*15:52:16* *POST* */*
*15:52:16* *GET* */loginfail*
*15:52:39* *GET* */*
*15:52:41* *POST* */*
*15:52:41* *GET* */loginfail*
*15:54:13* *GET* */loginfail*
*15:54:15* *GET* */*
*15:54:17* *POST* */*
*15:54:17* *GET* */loginfail*
*15:54:19* *GET* */*
*15:54:33* *POST* */*
*15:54:33* *GET* */loginfail*
*15:55:25* *GET* */*
*15:55:27* *POST* */*
*15:55:27* *GET* */loginfail*
*15:58:4* *GET* */*
*15:58:7* *POST* */*
*15:58:7* *GET* */loginfail*
*15:58:36* *GET* */*
*15:58:38* *POST* */*
*15:58:38* *GET* */loginfail*
*15:59:38* *GET* */*
*15:59:40* *POST* */*
*15:59:40* *GET* */loginfail*
*16:0:37* *GET* */*
*16:0:39* *POST* */*
*16:1:12* *POST* */*
*16:1:12* *GET* */loginfail*
*16:1:37* *GET* */*
*16:1:39* *POST* */*
*16:1:39* *GET* */loginfail*
*16:2:14* *GET* */*
*16:2:16* *POST* */*
*16:2:16* *GET* */loginfail*
*16:4:27* *GET* */*
*16:4:29* *POST* */*
*16:4:50* *POST* */*
*16:4:53* *POST* */*
*16:5:1* *GET* */*
*16:5:6* *POST* */*
*16:5:22* *POST* */*
*16:5:22* *GET* */loginfail*
*2:13:57* *GET* */*
*2:14:3* *POST* */*
*2:14:4* *GET* */loginfail*
*2:14:5* *GET* */*
*2:14:42* *POST* */*
*2:14:42* *GET* */loginfail*
*2:15:7* *GET* */*
*2:15:13* *POST* */*
*2:15:13* *GET* */loginfail*
*2:15:15* *GET* */*
*2:17:43* *POST* */*
*2:17:44* *GET* */loginfail*
*2:17:52* *GET* */*
*2:17:57* *POST* */*
*2:17:57* *GET* */loginfail*
*2:18:57* *GET* */*
*2:19:2* *POST* */*
*2:19:2* *GET* */loginfail*
*2:19:19* *GET* */*
*2:19:24* *POST* */*
*2:52:19* *POST* */*
*2:52:24* *POST* */*
*3:10:19* *GET* */*
*3:10:34* *POST* */*
*3:11:1* *POST* */*
*3:11:44* *POST* */*
*3:14:55* *POST* */*
*3:15:59* *POST* */*
*3:16:7* *POST* */*
*3:16:25* *POST* */*
*3:16:26* *GET* */loginfail*
*3:16:28* *GET* */*
*3:17:14* *GET* */*
*3:17:21* *POST* */*
*3:17:21* *GET* */loginfail*
*3:17:58* *GET* */*
*3:18:1* *POST* */*
*3:18:1* *GET* */loginfail*
*3:20:12* *GET* */logout*
*3:20:12* *GET* */*
*3:20:21* *POST* */*
*3:20:21* *GET* */loginfail*
*3:25:41* *GET* */*
*3:25:42* *POST* */*
*3:25:42* *GET* */loginfail*
*3:26:54* *GET* */*
*3:26:55* *POST* */*
*3:26:56* *GET* */loginfail*
*3:29:47* *GET* */*
*3:29:52* *POST* */*
*3:34:32* *POST* */*
*3:34:32* *GET* */loginfail*
*3:34:48* *GET* */*
*3:34:52* *POST* */*
*3:34:52* *GET* */loginfail*
*3:36:36* *GET* */*
*3:36:40* *POST* */*
*3:36:40* *GET* */loginfail*
*3:36:58* *GET* */*
*3:37:2* *POST* */*
*3:44:30* *POST* */*
*3:47:34* *GET* */*
*3:47:39* *POST* */*
*3:49:44* *POST* */*
*3:51:5* *POST* */*
*3:51:33* *POST* */*
*3:51:33* *GET* */loginfail*
*3:51:35* *GET* */*
*3:51:56* *POST* */*
*3:51:56* *GET* */loginfail*
*3:52:23* *GET* */*
*3:52:30* *POST* */*
*3:52:31* *GET* */loginfail*
*3:54:53* *GET* */*
*3:54:57* *POST* */*
*3:54:57* *GET* */loginfail*
*3:55:3* *GET* */*
*3:58:56* *POST* */*
*3:58:56* *GET* */loginfail*
*3:59:38* *GET* */*
*3:59:40* *POST* */*
*4:0:38* *POST* */*
*4:2:41* *POST* */*
*4:2:44* *POST* */*
*4:5:15* *POST* */*
*4:5:43* *POST* */*
*4:6:31* *POST* */*
*4:6:58* *POST* */*
*4:7:31* *POST* */*
*4:8:5* *POST* */*
*4:9:1* *POST* */*
*4:9:4* *POST* */*
*4:11:7* *POST* */*
*4:11:39* *POST* */*
*4:12:20* *POST* */*
*4:12:43* *POST* */*
*4:12:45* *POST* */*
*4:13:32* *POST* */*
*4:13:59* *POST* */*
*4:14:52* *POST* */*
*4:15:28* *GET* */*
*4:15:30* *POST* */*
*4:15:43* *POST* */*
*4:22:2* *GET* */*
*4:22:3* *POST* */*
*4:24:21* *POST* */*
*4:24:32* *GET* */*
*4:24:35* *POST* */*
*4:24:55* *POST* */*
*4:26:24* *GET* */*
*4:26:28* *POST* */*
*4:26:28* *GET* */loginfail*
*4:28:19* *GET* */*
*4:28:24* *POST* */*
*4:52:36* *POST* */*
*4:52:36* *GET* */loginon*
*4:52:39* *GET* */adminpanel*
*4:53:21* *GET* */adminpanel*
*4:53:24* *GET* */*
*4:53:30* *GET* */adminpanel*
*4:57:10* *GET* */*
*4:57:17* *GET* */adminpanel*
*4:57:21* *GET* */*
*4:58:23* *GET* */*
*4:58:47* *POST* */*
*4:58:48* *GET* */loginfail*
*4:58:49* *GET* */*
*4:58:56* *POST* */*
*5:0:18* *GET* */loginon*
*5:0:21* *GET* */adminpanel*
*5:0:25* *GET* */*
*5:0:30* *POST* */*
*5:1:20* *POST* */*
*5:1:20* *GET* */loginon*
*5:1:22* *GET* */adminpanel*
*5:1:33* *GET* */logout*
*5:1:34* *GET* */*
*5:1:51* *POST* */*
*5:1:51* *GET* */loginon*
*5:2:15* *GET* */adminpanel*
*5:2:21* *GET* */logout*
*5:2:22* *GET* */*
*5:2:38* *GET* */adminpanel*
*5:2:39* *GET* */loginfail*
*5:2:40* *GET* */*
*5:2:52* *POST* */*
*5:2:52* *GET* */loginon*
*5:3:0* *GET* */adminpanel*
*5:3:6* *GET* */logout*
*5:3:6* *GET* */*
*5:3:10* *POST* */*
*5:5:34* *POST* */*
*5:7:29* *POST* */*
*5:8:17* *POST* */*
*5:13:28* *POST* */*
*5:15:9* *POST* */*
*5:15:12* *POST* */*
*5:15:13* *GET* */*
*5:15:15* *POST* */*
*5:17:13* *POST* */*
*5:17:58* *POST* */*
*5:18:10* *GET* */*
*5:18:12* *POST* */*
*5:18:31* *POST* */*
*5:18:36* *GET* */*
*5:18:38* *POST* */*
*5:18:48* *POST* */*
*5:18:54* *GET* */*
*5:21:33* *GET* */*
*5:21:36* *POST* */*
*5:23:34* *POST* */*
*5:24:1* *GET* */*
*5:24:3* *POST* */*
*5:25:53* *POST* */*
*5:26:4* *POST* */*
*5:30:19* *POST* */*
*5:30:42* *POST* */*
*5:31:58* *POST* */*
*5:32:2* *POST* */*
*5:32:44* *POST* */*
*5:38:37* *POST* */*
*5:38:38* *GET* */loginfail*
*5:38:42* *GET* */*
*5:38:45* *POST* */*
*5:38:46* *GET* */loginfail*
*5:38:47* *GET* */*
*5:38:51* *POST* */*
*5:38:51* *GET* */loginfail*
*5:38:53* *GET* */*
*5:38:59* *POST* */*
*5:38:59* *GET* */loginon*
*5:39:0* *GET* */adminpanel*
*5:39:5* *GET* */*
*5:39:9* *GET* */adminpanel*
*5:39:12* *GET* */logout*
*5:39:13* *GET* */*
*5:39:19* *GET* */adminpanel*
*5:39:19* *GET* */loginfail*
*5:39:20* *GET* */*
*5:39:23* *POST* */*
*5:39:23* *GET* */loginfail*
*5:40:24* *GET* */*
*5:40:26* *POST* */*
*5:40:26* *GET* */loginfail*
*5:40:28* *GET* */*
*5:40:29* *GET* */*
*5:40:31* *POST* */*
*5:40:32* *GET* */loginfail*
*5:40:34* *GET* */*
*5:40:38* *POST* */*
*5:40:38* *GET* */loginon*
*5:41:19* *GET* */*
*5:41:32* *GET* */logout*
*5:41:32* *GET* */*
*5:41:42* *POST* */*
*5:41:42* *GET* */loginon*
*5:43:43* *GET* */logout*
*5:43:43* *GET* */*
*5:43:48* *POST* */*
*5:43:49* *GET* */loginon*
*5:44:21* *GET* */adminpanel*
*5:44:27* *GET* */logout*
*5:44:27* *GET* */*
*5:47:9* *GET* */*
*5:47:14* *POST* */*
*5:47:14* *GET* */loginon*
*5:47:15* *GET* */adminpanel*
*5:47:27* *GET* */*
*5:51:13* *GET* */*
*15:10:52* *GET* */adminpanel*
*15:10:53* *GET* */loginfail*
*15:10:55* *GET* */*
*15:23:39* *GET* */*
*15:23:43* *POST* */*
*15:25:41* *GET* */*
*15:25:44* *POST* */*
*15:26:20* *POST* */*
*15:26:20* *GET* */loginfail*
*15:26:38* *GET* */*
*15:26:40* *POST* */*
*15:26:40* *GET* */loginfail*
*15:27:19* *GET* */*
*15:27:23* *POST* */*
*15:27:23* *GET* */loginfail*
*15:27:44* *GET* */*
*15:27:45* *POST* */*
*15:27:45* *GET* */loginfail*
*15:28:41* *GET* */*
*15:28:43* *POST* */*
*15:28:43* *GET* */loginfail*
*15:28:53* *GET* */*
*15:28:54* *POST* */*
*15:28:55* *GET* */loginfail*
*15:30:19* *GET* */*
*15:30:21* *POST* */*
*15:30:21* *GET* */loginfail*
*15:31:1* *GET* */*
*15:31:15* *POST* */*
*15:31:15* *GET* */loginon*
*15:31:16* *GET* */adminpanel*
*15:36:13* *GET* */*
*15:36:20* *POST* */*
*15:36:21* *GET* */loginon*
*15:37:15* *GET* */adminpanel*
*15:37:17* *GET* */*
*15:37:25* *POST* */*
*15:37:25* *GET* */loginon*
*15:37:47* *GET* */*
*15:37:55* *POST* */*
*15:37:55* *GET* */loginon*
*15:38:56* *GET* */loginon*
*15:38:57* *GET* */adminpanel*
*15:38:58* *GET* */*
*15:39:2* *POST* */*
*15:39:3* *GET* */loginon*
*15:40:20* *GET* */*
*15:40:27* *POST* */*
*15:40:27* *GET* */loginon*
*15:40:42* *GET* */*
*15:40:47* *POST* */*
*15:40:47* *GET* */loginon*
*15:42:44* *GET* */*
*15:42:50* *POST* */*
*15:42:50* *GET* */loginon*
*15:43:31* *GET* */adminpanel*
*15:44:15* *GET* */*
*15:44:21* *POST* */*
*15:44:21* *GET* */loginon*
*15:44:22* *GET* */adminpanel*
*15:44:45* *GET* */*
*15:44:52* *POST* */*
*15:44:52* *GET* */loginon*
*15:46:28* *GET* */*
*15:46:33* *POST* */*
*15:46:33* *GET* */loginfail*
*15:46:35* *GET* */*
*15:46:40* *POST* */*
*15:46:40* *GET* */loginfail*
*15:46:50* *GET* */*
*15:46:51* *GET* */*
*15:46:54* *GET* */*
*15:46:56* *POST* */*
*15:46:56* *GET* */loginfail*
*15:46:58* *GET* */*
*15:47:0* *POST* */*
*15:47:1* *GET* */loginfail*
*15:47:26* *GET* */*
*15:47:31* *POST* */*
*15:47:31* *GET* */loginon*
*15:49:3* *GET* */*
*15:49:4* *GET* */*
*15:49:8* *POST* */*
*15:49:8* *GET* */loginfail*
*15:49:12* *GET* */*
*15:49:17* *POST* */*
*15:49:17* *GET* */loginon*
*15:51:27* *GET* */*
*15:51:29* *POST* */*
*15:51:29* *GET* */loginfail*
*15:51:30* *GET* */*
*15:51:33* *POST* */*
*15:51:33* *GET* */loginon*
*15:52:19* *GET* */*
*15:52:24* *POST* */*
*15:52:24* *GET* */loginon*
*15:52:55* *GET* */*
*15:52:58* *POST* */*
*15:52:58* *GET* */loginon*
*15:55:32* *GET* */*
*15:55:34* *GET* */*
*15:55:36* *POST* */*
*15:55:51* *POST* */*
*15:55:53* *GET* */*
*15:55:55* *POST* */*
*15:56:1* *POST* */*
*15:56:37* *POST* */*
*15:56:37* *GET* */loginfail*
*15:56:38* *GET* */*
*15:56:40* *POST* */*
*15:56:40* *GET* */loginfail*
*15:56:40* *GET* */*
*15:56:44* *POST* */*
*15:56:44* *GET* */loginon*
*15:57:10* *GET* */loginon*
*15:57:22* *GET* */*
*15:57:26* *POST* */*
*15:57:26* *GET* */loginon*
*15:58:35* *GET* */*
*15:58:36* *GET* */*
*15:58:40* *POST* */*
*15:58:40* *GET* */loginon*
*16:1:47* *GET* */loginon*
*16:1:49* *GET* */*
*16:1:50* *POST* */*
*16:1:51* *GET* */loginon*
*16:4:22* *GET* */*
*16:4:24* *POST* */*
*16:5:29* *POST* */*
*16:5:31* *POST* */*
*16:5:32* *POST* */*
*16:6:2* *POST* */*
*16:6:2* *GET* */loginfail*
*16:6:3* *GET* */*
*16:6:25* *POST* */*
*16:6:25* *GET* */loginfail*
*16:6:26* *GET* */*
*16:6:29* *POST* */*
*16:6:29* *GET* */loginfail*
*16:7:0* *GET* */*
*16:7:4* *POST* */*
*16:7:4* *GET* */loginfail*
*16:7:6* *GET* */*
*16:7:14* *POST* */*
*16:7:14* *GET* */loginfail*
*16:7:19* *GET* */*
*16:7:25* *POST* */*
*16:7:25* *GET* */loginon*
*16:7:26* *GET* */adminpanel*
*16:7:29* *GET* */*
*16:8:3* *POST* */*
*16:8:3* *GET* */loginfail*
*16:10:28* *GET* */*
*16:10:29* *POST* */*
*16:10:30* *GET* */loginfail*
*16:10:32* *GET* */*
*16:11:35* *POST* */*
*16:11:35* *GET* */loginon*
*16:12:49* *GET* */*
*16:12:55* *POST* */*
*16:12:55* *GET* */loginon*
*16:15:9* *GET* */*
*16:15:13* *POST* */*
*16:15:13* *GET* */loginon*
*16:15:45* *GET* */*
*16:15:51* *POST* */*
*16:15:52* *GET* */loginon*
*16:17:41* *GET* */*
*16:17:47* *GET* */logout*
*16:18:4* *GET* */logout*
*16:18:11* *GET* */logout*
*16:18:12* *GET* */*
*16:20:11* *POST* */*
*16:20:12* *GET* */loginfail*
*16:20:17* *GET* */*
*16:20:34* *POST* */*
*16:20:34* *GET* */loginfail*
*16:20:35* *GET* */*
*16:20:44* *POST* */*
*16:20:44* *GET* */loginon*
*16:21:5* *GET* */*
*16:21:10* *POST* */*
*16:21:10* *GET* */loginfail*
*16:21:13* *GET* */*
*16:21:17* *POST* */*
*16:21:17* *GET* */loginfail*
*16:21:18* *GET* */*
*16:21:35* *POST* */*
*16:21:35* *GET* */loginon*
*16:23:51* *GET* */*
*16:23:52* *GET* */*
*16:23:59* *POST* */*
*16:23:59* *GET* */loginfail*
*16:24:16* *GET* */*
*16:24:26* *POST* */*
*16:24:26* *GET* */loginon*
*16:26:22* *GET* */logout*
*16:26:23* *GET* */*
*16:30:31* *GET* */adminpanel*
*16:30:31* *GET* */loginfail*
*16:30:32* *GET* */*
*16:31:0* *POST* */*
*16:31:0* *GET* */loginfail*
*16:31:41* *GET* */*
*16:37:26* *POST* */*
*16:37:26* *GET* */loginfail*
*16:37:29* *GET* */*
*16:37:35* *POST* */*
*16:37:35* *GET* */loginon*
*16:37:48* *GET* */*
*16:38:32* *POST* */*
*16:38:32* *GET* */loginon*
*16:38:36* *GET* */*
*16:38:43* *POST* */*
*16:38:43* *GET* */loginfail*
*16:38:48* *GET* */*
*16:38:57* *POST* */*
*16:38:57* *GET* */loginfail*
*16:39:0* *GET* */*
*16:39:5* *POST* */*
*16:39:5* *GET* */loginfail*
*16:39:17* *GET* */*
*16:39:19* *POST* */*
*16:39:19* *GET* */loginfail*
*16:39:22* *GET* */*
*16:40:7* *POST* */*
*16:40:7* *GET* */loginfail*
*16:40:9* *GET* */*
*16:42:19* *POST* */*
*16:42:19* *GET* */loginfail*
*16:43:28* *GET* */*
*16:43:32* *POST* */*
*16:43:32* *GET* */loginfail*
*16:45:6* *GET* */*
*16:45:8* *POST* */*
*16:45:8* *GET* */loginfail*
*16:54:18* *GET* */*
*16:54:31* *POST* */*
*16:54:31* *GET* */loginfail*
*16:54:32* *GET* */*
*16:54:37* *POST* */*
*16:54:37* *GET* */loginfail*
*16:54:39* *GET* */*
*16:54:45* *POST* */*
*16:54:45* *GET* */loginfail*
*16:54:46* *GET* */*
*16:54:49* *POST* */*
*16:54:50* *GET* */loginon*
*16:54:53* *GET* */adminpanel*
*16:55:0* *GET* */*
*16:55:26* *POST* */*
*16:55:26* *GET* */loginon*
*16:58:3* *GET* */adminpanel*
*16:58:5* *GET* */adminpanel*
*17:2:39* *GET* */adminpanel*
*17:2:52* *GET* */*
*17:2:58* *GET* */logout*
*17:2:59* *GET* */*
*17:5:58* *POST* */*
*17:5:58* *GET* */loginon*
*17:6:4* *GET* */adminpanel*
*17:6:7* *GET* */loginon*
*17:6:9* *GET* */*
*17:6:13* *POST* */*
*17:6:13* *GET* */loginfail*
*17:6:14* *GET* */*
*17:7:12* *POST* */*
*17:7:12* *GET* */loginfail*
*17:7:14* *GET* */*
*17:10:34* *POST* */*
*17:10:34* *GET* */loginfail*
*17:10:36* *GET* */*
*17:10:46* *POST* */*
*17:10:46* *GET* */loginon*
*17:11:23* *GET* */*
*17:11:26* *POST* */*
*17:11:26* *GET* */loginon*
*17:11:56* *GET* */*
*17:11:57* *POST* */*
*17:11:57* *GET* */loginon*
*17:12:31* *GET* */*
*17:12:33* *POST* */*
*17:12:33* *GET* */loginon*
*17:13:7* *GET* */*
*17:13:9* *POST* */*
*17:13:9* *GET* */loginon*
*17:13:23* *GET* */loginon*
*17:13:29* *GET* */loginon*
*17:14:33* *GET* */loginon*
*17:14:57* *GET* */loginon*
*17:15:4* *GET* */loginon*
*17:16:34* *GET* */adminpanel*
*17:16:37* *GET* */loginon*
*17:17:18* *GET* */loginon*
*17:17:25* *GET* */*
*17:17:27* *POST* */*
*17:17:27* *GET* */loginon*
*17:17:47* *GET* */loginon*
*17:17:52* *GET* */*
*17:17:54* *POST* */*
*17:17:54* *GET* */loginfail*
*17:17:56* *GET* */*
*17:17:59* *POST* */*
*17:17:59* *GET* */loginon*
*17:18:5* *GET* */loginon*
*17:18:34* *GET* */*
*17:18:35* *GET* */*
*17:18:38* *POST* */*
*17:18:39* *GET* */loginon*
*17:19:38* *GET* */loginon*
*17:22:9* *GET* */adminpanel*
*17:22:34* *GET* */*
*17:22:37* *POST* */*
*17:22:37* *GET* */loginon*
*17:22:56* *GET* */*
*17:23:5* *POST* */*
*17:23:5* *GET* */loginon*
*17:23:36* *GET* */loginon*
*17:23:42* *GET* */*
*17:23:44* *POST* */*
*17:23:44* *GET* */loginon*
*17:24:21* *GET* */*
*17:24:23* *POST* */*
*17:24:23* *GET* */loginon*
*17:29:12* *GET* */*
*17:29:16* *POST* */*
*17:29:16* *GET* */loginon*
*17:30:5* *GET* */adminpanel*
*17:30:7* *GET* */*
*17:30:10* *POST* */*
*17:30:10* *GET* */loginon*
*17:30:45* *GET* */*
*17:30:47* *GET* */*
*17:30:49* *POST* */*
*17:30:49* *GET* */loginon*
*17:31:2* *GET* */*
*17:31:5* *POST* */*
*17:31:5* *GET* */loginon*
*17:31:49* *GET* */loginon*
*17:32:23* *GET* */loginon*
*17:32:31* *GET* */*
*17:32:37* *POST* */*
*17:32:37* *GET* */loginon*
*17:32:40* *GET* */*
*17:32:44* *POST* */*
*17:32:44* *GET* */loginon*
*17:33:28* *GET* */loginon*
*17:33:42* *GET* */*
*17:33:44* *POST* */*
*17:33:44* *GET* */loginon*
*17:33:48* *GET* */adminpanel*
*17:33:50* *GET* */loginon*
*17:33:51* *GET* */*
*17:33:53* *POST* */*
*17:33:53* *GET* */loginon*
*17:33:55* *GET* */*
*17:33:56* *POST* */*
*17:33:56* *GET* */loginon*
*17:34:41* *GET* */*
*17:34:43* *POST* */*
*17:34:44* *GET* */loginon*
*17:34:50* *GET* */*
*17:34:52* *POST* */*
*17:34:52* *GET* */loginon*
*17:34:57* *GET* */*
*17:34:59* *POST* */*
*17:34:59* *GET* */loginon*
*17:35:28* *GET* */*
*17:35:30* *POST* */*
*17:35:30* *GET* */loginon*
*17:35:32* *GET* */*
*17:35:34* *POST* */*
*17:35:34* *GET* */loginon*
*17:36:20* *GET* */*
*17:36:21* *POST* */*
*17:36:21* *GET* */loginon*
*17:36:26* *GET* */*
*17:36:28* *POST* */*
*17:36:28* *GET* */loginon*
*17:36:30* *GET* */*
*17:36:32* *POST* */*
*17:36:32* *GET* */loginon*
*17:36:38* *GET* */*
*17:36:39* *POST* */*
*17:36:39* *GET* */loginon*
*17:36:41* *GET* */*
*17:36:43* *POST* */*
*17:36:43* *GET* */loginon*
*17:36:53* *GET* */*
*17:36:54* *POST* */*
*17:36:54* *GET* */loginon*
*17:36:58* *GET* */loginon*
*17:36:59* *GET* */loginon*
*17:37:4* *GET* */*
*17:37:11* *GET* */*
*17:37:14* *POST* */*
*17:37:14* *GET* */loginfail*
*17:37:15* *GET* */*
*17:37:18* *POST* */*
*17:37:18* *GET* */loginon*
*17:39:17* *GET* */*
*17:39:19* *POST* */*
*17:39:19* *GET* */loginon*
*17:39:33* *GET* */*
*17:39:35* *POST* */*
*17:39:35* *GET* */loginon*
*17:40:20* *GET* */*
*17:40:28* *GET* */adminpanel*
*17:40:32* *GET* */*
*17:40:39* *GET* */logout*
*17:40:39* *GET* */*
*17:40:56* *GET* */adminpanel*
*17:40:56* *GET* */loginfail*
*17:40:59* *GET* */*
*17:41:5* *POST* */*
*17:41:5* *GET* */loginfail*
*17:41:8* *GET* */*
*17:41:12* *POST* */*
*17:41:12* *GET* */loginfail*
*17:41:13* *GET* */*
*17:41:49* *POST* */*
*17:41:50* *GET* */loginfail*
*17:41:52* *GET* */*
*17:41:55* *POST* */*
*17:41:56* *GET* */loginfail*
*17:41:58* *GET* */*
*17:42:2* *POST* */*
*17:42:2* *GET* */loginon*
*17:42:5* *GET* */adminpanel*
*17:42:13* *GET* */logout*
*17:42:14* *GET* */*
*17:42:44* *POST* */*
*17:42:44* *GET* */loginon*
*17:42:45* *GET* */adminpanel*
*17:49:42* *GET* */*
*17:49:46* *POST* */*
*17:49:46* *GET* */loginon*
*17:50:15* *GET* */*
*17:50:18* *POST* */*
*17:50:18* *GET* */loginon*
*17:50:38* *GET* */*
*17:50:42* *POST* */*
*17:50:42* *GET* */loginon*
*17:50:44* *GET* */*
*17:50:45* *GET* */*
*17:50:53* *GET* */*
*17:50:55* *POST* */*
*17:50:55* *GET* */loginfail*
*17:51:0* *GET* */*
*17:51:7* *POST* */*
*17:51:7* *GET* */loginfail*
*17:51:19* *GET* */*
*17:51:22* *POST* */*
*17:51:22* *GET* */loginfail*
*17:51:25* *GET* */*
*17:51:30* *POST* */*
*17:51:30* *GET* */loginfail*
*17:51:36* *GET* */*
*23:24:25* *GET* */*
*23:24:41* *POST* */*
*23:24:41* *GET* */loginon*
*23:25:4* *GET* */loginon*
*23:25:7* *GET* */loginon*
*23:26:2* *GET* */*
*23:26:13* *POST* */*
*23:26:13* *GET* */loginon*
*23:26:44* *GET* */*
*23:26:50* *POST* */*
*23:26:51* *GET* */loginon*
*23:28:47* *GET* */*
*23:28:51* *POST* */*
*23:28:51* *GET* */loginon*
*23:30:13* *GET* */*
*23:30:15* *POST* */*
*23:30:15* *GET* */loginon*
*23:31:27* *GET* */*
*23:31:29* *GET* */*
*23:31:46* *GET* */*
*23:42:28* *GET* */*
*23:43:27* *GET* */*
*23:43:32* *POST* */*
*23:43:32* *GET* */loginon*
*23:44:0* *GET* */*
*23:44:4* *POST* */*
*23:44:4* *GET* */loginon*
*23:45:12* *GET* */loginon*
*23:46:35* *GET* */loginon*
*23:46:37* *GET* */loginon*
*23:46:59* *GET* */loginon*
*23:48:14* *GET* */loginon*
*23:48:46* *GET* */loginon*
*23:48:48* *GET* */*
*23:48:49* *GET* */*
*23:48:53* *POST* */*
*23:48:53* *GET* */loginon*
*23:52:57* *GET* */loginon*
*23:53:3* *GET* */loginon*
*23:53:14* *GET* */loginon*
*23:55:39* *GET* */*
*23:55:44* *POST* */*
*23:55:44* *GET* */loginon*
*23:55:46* *GET* */*
*23:56:10* *GET* */*
*23:56:14* *POST* */*
*23:56:14* *GET* */loginon*
*23:56:16* *GET* */*
*23:57:8* *GET* */*
*23:57:14* *POST* */*
*23:57:14* *GET* */loginon*
*23:57:45* *GET* */*
*23:57:49* *POST* */*
*23:57:49* *GET* */loginon*
*23:57:54* *GET* */*
*0:1:47* *GET* */*
*0:2:6* *GET* */*
*0:2:31* *GET* */*
*0:2:36* *POST* */*
*0:2:36* *GET* */loginon*
*0:2:38* *GET* */adminpanel*
*0:2:41* *GET* */*
*0:2:42* *GET* */*
*0:2:57* *GET* */*
*0:3:46* *GET* */*
*0:3:53* *POST* */*
*0:3:53* *GET* */loginon*
*0:3:58* *GET* */*
*0:4:22* *GET* */*
*0:4:25* *POST* */*
*0:4:25* *GET* */loginon*
*0:4:41* *GET* */*
*0:4:44* *POST* */*
*0:4:44* *GET* */loginon*
*0:4:52* *GET* */*
*0:4:57* *POST* */*
*0:4:57* *GET* */loginon*
*0:4:59* *GET* */*
*0:7:41* *GET* */*
*0:7:44* *POST* */*
*0:7:44* *GET* */loginon*
*0:7:45* *GET* */*
*0:7:51* *GET* */*
*0:7:54* *POST* */*
*0:7:54* *GET* */loginon*
*0:7:56* *GET* */*
*0:8:35* *GET* */*
*0:9:1* *GET* */*
*0:9:2* *GET* */*
*0:9:18* *GET* */*
*0:9:18* *GET* */*
*0:9:21* *GET* */*
*0:9:28* *GET* */*
*0:10:17* *GET* */*
*0:10:21* *GET* */*
*0:10:22* *GET* */*
*0:11:21* *GET* */*
*0:11:38* *GET* */*
*0:11:38* *GET* */*
*0:12:10* *GET* */*
*0:12:15* *GET* */*
*0:12:21* *GET* */*
*0:12:30* *GET* */*
*0:12:37* *POST* */*
*0:12:37* *GET* */loginon*
*0:12:40* *GET* */*
*0:13:13* *GET* */*
*0:13:17* *POST* */*
*0:13:17* *GET* */loginfail*
*0:13:18* *GET* */*
*0:13:21* *POST* */*
*0:13:22* *GET* */loginon*
*0:13:39* *GET* */loginon*
*0:13:39* *GET* */loginon*
*0:13:40* *GET* */loginon*
*0:13:41* *GET* */*
*0:13:43* *POST* */*
*0:13:43* *GET* */loginon*
*0:13:45* *GET* */*
*0:14:1* *GET* */*
*0:14:4* *POST* */*
*0:14:4* *GET* */loginon*
*0:14:6* *GET* */*
*0:14:59* *POST* */*
*0:14:59* *GET* */loginon*
*0:15:3* *GET* */loginon*
*0:15:43* *GET* */loginon*
*0:15:44* *GET* */loginon*
*0:15:45* *GET* */*
*0:15:48* *POST* */*
*0:15:48* *GET* */loginon*
*0:17:1* *GET* */loginon*
*0:17:1* *GET* */js/auth.js*
*0:20:59* *GET* */*
*0:21:2* *GET* */*
*0:21:6* *GET* */*
*0:21:9* *POST* */*
*0:21:9* *GET* */loginon*
*0:21:46* *GET* */loginon*
*0:21:49* *GET* */*
*0:21:53* *POST* */*
*0:21:53* *GET* */loginon*
*0:22:6* *GET* */loginon*
*0:22:7* *GET* */loginon*
*0:22:12* *GET* */loginon*
*0:22:59* *GET* */loginon*
*0:22:59* *GET* */loginon*
*0:23:0* *GET* */*
*0:23:4* *POST* */*
*0:23:4* *GET* */loginon*
*0:23:9* *GET* */loginon*
*0:23:10* *GET* */loginon*
*0:23:17* *GET* */loginon*
*0:23:33* *GET* */loginon*
*0:23:34* *GET* */loginon*
*0:24:32* *GET* */loginon*
*0:24:33* *GET* */loginon*
*0:24:39* *GET* */loginon*
*0:24:57* *GET* */adminpanel*
*0:24:57* *GET* */loginfail*
*0:24:59* *GET* */*
*0:25:2* *POST* */*
*0:25:2* *GET* */loginon*
*0:25:4* *GET* */adminpanel*
*0:25:11* *GET* */*
*0:25:47* *GET* */*
*0:25:52* *POST* */*
*0:25:52* *GET* */loginon*
*0:25:53* *GET* */adminpanel*
*0:25:55* *GET* */adminpanel*
*0:25:57* *GET* */adminpanel*
*0:26:35* *GET* */adminpanel*
*0:26:39* *GET* */*
*0:26:43* *POST* */*
*0:26:43* *GET* */loginfail*
*0:26:44* *GET* */*
*0:26:47* *POST* */*
*0:26:47* *GET* */loginon*
*0:26:49* *GET* */adminpanel*
*0:26:57* *GET* */adminpanel*
*0:26:59* *GET* */adminpanel*
*0:27:34* *GET* */*
*0:27:41* *POST* */*
*0:27:41* *GET* */loginon*
*0:28:30* *GET* */*
*0:28:33* *POST* */*
*0:28:33* *GET* */loginon*
*0:28:35* *GET* */adminpanel*
*0:29:27* *GET* */adminpanel*
*0:29:38* *GET* */adminpanel*
*0:29:41* *GET* */adminpanel*
*0:29:53* *GET* */adminpanel*
*0:30:33* *GET* */adminpanel*
*0:30:35* *GET* */adminpanel*
*0:30:35* *GET* */adminpanel*
*0:30:39* *GET* */*
*0:30:42* *POST* */*
*0:30:42* *GET* */loginon*
*0:31:0* *GET* */loginon*
*0:31:1* *GET* */loginon*
*0:31:27* *GET* */loginon*
*0:31:29* *GET* */*
*0:31:32* *POST* */*
*0:31:32* *GET* */loginon*
*0:31:43* *GET* */*
*0:31:47* *POST* */*
*0:31:47* *GET* */loginon*
*0:32:7* *GET* */adminpanel*
*0:32:51* *GET* */adminpanel*
*0:33:24* *GET* */adminpanel*
*0:33:35* *GET* */adminpanel*
*0:33:41* *GET* */adminpanel*
*0:34:50* *GET* */adminpanel*
*0:35:19* *GET* */adminpanel*
*0:35:23* *GET* */adminpanel*
*0:35:26* *GET* */*
*0:35:33* *POST* */*
*0:35:33* *GET* */loginon*
*0:35:35* *GET* */adminpanel*
*0:35:37* *GET* */adminpanel*
*0:35:39* *GET* */adminpanel*
*0:37:34* *GET* */adminpanel*
*0:37:37* *GET* */*
*0:37:49* *POST* */*
*0:37:49* *GET* */loginon*
*0:38:33* *GET* */loginon*
*0:40:5* *GET* */loginon*
*0:40:22* *GET* */loginon*
*0:40:25* *GET* */loginon*
*0:40:35* *GET* */loginon*
*0:40:43* *GET* */loginon*
*0:40:44* *GET* */loginon*
*0:40:47* *GET* */*
*0:40:52* *POST* */*
*0:40:52* *GET* */loginon*
*0:41:51* *GET* */loginon*
*0:41:59* *GET* */loginon*
*0:42:18* *GET* */loginon*
*0:42:23* *GET* */loginon*
*0:42:25* *GET* */*
*0:42:29* *POST* */*
*0:42:29* *GET* */loginon*
*0:42:33* *GET* */loginon*
*0:42:35* *GET* */loginon*
*0:45:16* *GET* */loginon*
*0:45:20* *GET* */loginon*
*0:45:20* *GET* */loginon*
*0:45:23* *GET* */*
*0:45:26* *POST* */*
*0:45:26* *GET* */loginon*
*0:45:39* *GET* */loginon*
*0:46:55* *GET* */loginon*
*0:47:1* *GET* */*
*0:47:4* *POST* */*
*0:47:4* *GET* */loginon*
*0:48:14* *GET* */loginon*
*0:48:30* *GET* */loginon*
*0:49:31* *GET* */loginon*
*0:49:49* *GET* */loginon*
*0:50:21* *GET* */loginon*
*0:50:31* *GET* */loginon*
*0:50:38* *GET* */loginon*
*0:51:5* *GET* */loginon*
*0:51:13* *GET* */loginon*
*0:51:36* *GET* */loginon*
*0:51:42* *GET* */loginon*
*0:51:48* *GET* */loginon*
*0:51:50* *GET* */loginon*
*0:51:58* *GET* */loginon*
*0:52:10* *GET* */loginon*
*0:52:27* *GET* */loginon*
*0:52:28* *GET* */loginon*
*0:52:39* *GET* */loginon*
*0:53:24* *GET* */loginon*
*0:53:59* *GET* */loginon*
*0:54:4* *GET* */loginon*
*0:54:6* *GET* */loginon*
*0:54:7* *GET* */*
*0:54:10* *POST* */*
*0:54:10* *GET* */loginon*
*0:54:48* *GET* */loginon*
*0:55:36* *GET* */loginon*
*0:55:38* *GET* */loginon*
*0:56:36* *GET* */loginon*
*0:56:56* *GET* */loginon*
*0:57:25* *GET* */loginon*
*0:57:44* *GET* */loginon*
*0:58:22* *GET* */loginon*
*0:58:33* *GET* */loginon*
*0:58:47* *GET* */loginon*
*0:58:49* *GET* */loginon*
*0:59:30* *GET* */loginon*
*1:0:6* *GET* */loginon*
*1:0:29* *GET* */loginon*
*1:0:36* *GET* */loginon*
*1:1:24* *GET* */loginon*
*1:1:26* *GET* */loginon*
*1:2:1* *GET* */loginon*
*1:2:26* *GET* */loginon*
*1:2:36* *GET* */loginon*
*1:2:50* *GET* */loginon*
*1:3:20* *GET* */loginon*
*1:4:8* *GET* */loginon*
*1:4:38* *GET* */loginon*
*1:6:8* *GET* */loginon*
*1:6:54* *GET* */loginon*
*1:8:5* *GET* */loginon*
*1:8:29* *GET* */loginon*
*1:9:14* *GET* */loginon*
*1:9:25* *GET* */loginon*
*1:9:41* *GET* */loginon*
*1:10:54* *GET* */loginon*
*1:11:8* *GET* */loginon*
*1:11:16* *GET* */loginon*
*1:11:29* *GET* */loginon*
*1:11:35* *GET* */loginon*
*1:11:44* *GET* */*
*1:12:56* *GET* */*
*1:13:1* *GET* */*
*1:15:23* *GET* */*
*1:16:6* *GET* */*
*1:16:7* *GET* */*
*1:16:11* *GET* */*
*1:16:19* *GET* */*
*1:16:39* *POST* */*
*1:16:39* *GET* */loginon*
*1:19:43* *GET* */loginon*
*1:20:51* *GET* */loginon*
*1:20:58* *GET* */loginon*
*1:21:2* *GET* */*
*1:21:14* *POST* */*
*1:21:14* *GET* */loginon*
*1:21:56* *GET* */adminpanel*
*1:21:57* *GET* */adminpanel*
*1:21:58* *GET* */adminpanel*
*1:22:40* *GET* */adminpanel*
*1:22:50* *GET* */adminpanel*
*1:22:50* *GET* */adminpanel*
*1:22:58* *GET* */adminpanel*
*1:23:0* *GET* */adminpanel*
*1:23:24* *GET* */adminpanel*
*1:23:32* *GET* */adminpanel*
*1:23:35* *GET* */logout*
*1:23:36* *GET* */*
*1:23:40* *POST* */*
*1:23:40* *GET* */loginon*
*1:23:43* *GET* */logout*
*1:23:43* *GET* */*
*1:23:46* *POST* */*
*1:23:46* *GET* */loginon*
*1:23:52* *GET* */adminpanel*
*1:24:28* *GET* */logout*
*1:24:29* *GET* */*
*1:24:38* *POST* */*
*1:24:38* *GET* */loginon*
*1:24:53* *GET* */adminpanel*
*1:25:4* *GET* */*
*1:25:5* *GET* */*
*1:25:8* *GET* */*
*1:25:29* *GET* */*
*1:25:54* *GET* */*
*1:25:55* *GET* */adminpanel*
*1:25:58* *GET* */logout*
*1:25:59* *GET* */*
*1:26:0* *GET* */adminpanel*
*1:26:0* *GET* */loginfail*
*1:26:3* *GET* */*
*1:26:17* *POST* */*
*1:26:17* *GET* */loginon*
*1:26:29* *GET* */adminpanel*
*1:26:31* *GET* */adminpanel*
*1:26:37* *GET* */adminpanel*
*1:26:42* *GET* */adminpanel*
*1:28:13* *GET* */adminpanel*
*1:28:16* *GET* */adminpanel*
*1:28:19* *GET* */adminpanel*
*1:28:38* *GET* */adminpanel*
*1:28:47* *GET* */logout*
*1:28:48* *GET* */*
*1:28:56* *POST* */*
*1:28:56* *GET* */loginon*
*1:28:59* *GET* */adminpanel*
*1:30:22* *GET* */adminpanel*
*1:30:24* *GET* */adminpanel*
*1:30:46* *GET* */adminpanel*
*1:31:36* *GET* */adminpanel*
*1:33:14* *GET* */adminpanel*
*1:33:25* *GET* */adminpanel*
*1:33:33* *GET* */adminpanel*
*1:34:44* *GET* */adminpanel*
*1:34:55* *GET* */adminpanel*
*1:34:56* *GET* */adminpanel*
*1:35:49* *GET* */adminpanel*
*1:35:56* *GET* */adminpanel*
*1:36:32* *GET* */adminpanel*
*1:37:17* *GET* */adminpanel*
*1:40:17* *GET* */adminpanel*
*1:40:24* *GET* */adminpanel*
*1:40:46* *GET* */adminpanel*
*1:41:5* *GET* */adminpanel*
*1:41:9* *GET* */adminpanel*
*1:41:35* *GET* */adminpanel*
*1:41:45* *GET* */adminpanel*
*1:42:25* *GET* */adminpanel*
*1:42:44* *GET* */adminpanel*
*1:42:58* *GET* */adminpanel*
*1:43:16* *GET* */adminpanel*
*1:44:2* *GET* */adminpanel*
*1:44:14* *GET* */adminpanel*
*1:44:53* *GET* */adminpanel*
*1:45:31* *GET* */adminpanel*
*1:45:58* *GET* */adminpanel*
*1:46:30* *GET* */adminpanel*
*1:46:39* *GET* */adminpanel*
*1:47:45* *GET* */*
*1:50:18* *GET* */*
*1:52:16* *GET* */*
*1:52:33* *GET* */*
*1:52:50* *GET* */*
*1:54:49* *GET* */*
*1:55:34* *GET* */*
*1:56:58* *GET* */*
*1:57:2* *GET* */*
*1:57:22* *GET* */*
*1:57:34* *GET* */*
*1:57:59* *GET* */*
*1:58:39* *GET* */*
*1:59:20* *GET* */*
*2:1:11* *GET* */*
*2:2:14* *GET* */*
*2:3:28* *GET* */*
*2:3:41* *GET* */*
*2:5:22* *GET* */adminpanel*
*2:5:31* *GET* */adminpanel*
*2:7:34* *GET* */*
*2:7:45* *POST* */*
*2:7:45* *GET* */loginfail*
*2:7:50* *GET* */*
*2:8:8* *GET* */*
*2:8:9* *GET* */*
*2:8:47* *GET* */*
*2:9:5* *GET* */*
*2:9:28* *GET* */*
*2:9:32* *GET* */*
*2:9:42* *GET* */*
*2:10:13* *GET* */*
*2:10:56* *GET* */*
*2:11:8* *POST* */*
*2:11:8* *GET* */loginfail*
*2:11:9* *GET* */*
*2:11:28* *GET* */*
*2:11:36* *GET* */*
*2:12:2* *GET* */*
*2:12:17* *GET* */adminpanel*
*2:12:41* *GET* */adminpanel*
*2:12:51* *GET* */adminpanel*
*2:12:54* *GET* */logout*
*2:12:54* *GET* */*
*2:13:58* *POST* */*
*2:13:58* *GET* */loginon*
*2:14:37* *GET* */loginon*
*2:14:54* *GET* */loginon*
*2:15:25* *GET* */loginon*
*2:15:34* *GET* */adminpanel*
*2:15:36* *GET* */*
*2:15:49* *GET* */*
*2:16:6* *GET* */*
*2:16:15* *GET* */*
*2:16:33* *GET* */*
*2:17:16* *GET* */*
*2:17:22* *GET* */adminpanel*
*2:17:31* *GET* */adminpanel*
*2:17:59* *GET* */adminpanel*
*2:18:27* *GET* */adminpanel*
*2:18:29* *GET* */adminpanel*
*2:18:30* *GET* */adminpanel*
*2:18:38* *GET* */adminpanel*
*2:18:40* *GET* */adminpanel*
*2:18:41* *GET* */adminpanel*
*2:18:44* *GET* */*
*2:18:54* *POST* */*
*2:18:54* *GET* */loginon*
*2:19:17* *GET* */loginon*
*2:21:47* *GET* */loginon*
*2:21:52* *GET* */loginon*
*2:22:23* *GET* */loginon*
*2:22:24* *GET* */loginon*
*2:22:44* *GET* */loginon*
*2:23:1* *GET* */loginon*
*2:23:14* *GET* */adminpanel*
*2:23:16* *GET* */*
*2:27:22* *GET* */*
*2:27:25* *GET* */adminpanel*
*2:27:37* *GET* */*
*2:27:41* *POST* */*
*2:27:41* *GET* */loginon*
*2:28:52* *GET* */loginon*
*2:28:55* *GET* */adminpanel*
*2:29:2* *GET* */logout*
*2:29:2* *GET* */*
*2:29:9* *GET* */adminpanel*
*2:29:10* *GET* */loginfail*
*2:29:14* *GET* */*
*2:29:29* *POST* */*
*2:29:29* *GET* */loginfail*
*2:29:30* *GET* */*
*2:29:47* *POST* */*
*2:29:47* *GET* */loginon*
*2:29:51* *GET* */adminpanel*
*2:30:8* *GET* */adminpanel*
*2:30:23* *GET* */adminpanel*
*2:30:24* *GET* */logout*
*2:30:25* *GET* */*
*2:30:31* *GET* */*
*2:30:41* *POST* */*
*2:30:41* *GET* */loginon*
*2:30:47* *GET* */adminpanel*
*2:31:32* *GET* */adminpanel*
*2:32:4* *GET* */adminpanel*
*2:32:14* *GET* */adminpanel*
*2:32:33* *GET* */adminpanel*
*2:32:48* *GET* */adminpanel*
*2:32:53* *GET* */adminpanel*
*2:33:32* *GET* */adminpanel*
*2:33:39* *GET* */adminpanel*
*2:34:10* *GET* */adminpanel*
*2:34:22* *GET* */adminpanel*
*2:35:21* *GET* */adminpanel*
*2:35:36* *GET* */logout*
*2:35:36* *GET* */*
*2:37:12* *GET* */*
*2:37:19* *POST* */*
*2:37:19* *GET* */loginon*
*2:39:6* *GET* */loginon*
*2:39:23* *GET* */loginon*
*2:39:24* *GET* */loginon*
*2:39:51* *GET* */loginon*
*2:40:8* *GET* */loginon*
*2:40:23* *GET* */loginon*
*2:40:28* *GET* */loginon*
*2:40:50* *GET* */loginon*
*2:40:53* *GET* */loginon*
*2:40:58* *GET* */loginon*
*2:41:11* *GET* */loginon*
*2:41:28* *GET* */loginon*
*2:41:34* *GET* */loginon*
*2:41:38* *GET* */loginon*
*2:41:42* *GET* */loginon*
*2:42:9* *GET* */loginon*
*2:42:29* *GET* */loginon*
*2:43:8* *GET* */loginon*
*2:43:12* *GET* */adminpanel*
*2:43:17* *GET* */logout*
*2:43:18* *GET* */*
*2:43:29* *POST* */*
*2:43:30* *GET* */loginfail*
*2:43:32* *GET* */*
*2:43:39* *POST* */*
*2:43:39* *GET* */loginon*
*2:43:42* *GET* */adminpanel*
*2:44:3* *GET* */*
*2:44:15* *GET* */adminpanel*
*2:44:51* *GET* */logout*
*2:44:52* *GET* */*
*2:45:5* *POST* */*
*2:45:5* *GET* */loginon*
*2:45:12* *GET* */adminpanel*
*2:45:30* *GET* */adminpanel*
*2:45:31* *GET* */adminpanel*
*2:45:34* *GET* */logout*
*2:45:35* *GET* */*
*2:45:42* *POST* */*
*2:45:42* *GET* */loginfail*
*2:45:44* *GET* */*
*2:45:55* *POST* */*
*2:45:55* *GET* */loginfail*
*2:45:57* *GET* */*
*2:46:10* *POST* */*
*2:46:10* *GET* */loginon*
*2:46:13* *GET* */adminpanel*
*3:36:18* *GET* */adminpanel*
*3:38:20* *GET* */adminpanel/bd*
*3:38:20* *GET* */adminpanel/css/style.css*
*3:38:20* *GET* */adminpanel/images/logo/logo.png*
*3:38:20* *GET* */adminpanel/images/icon/favicon.png*
*3:38:27* *GET* */adminpanel*
*3:38:34* *GET* */adminpanel*
*3:38:35* *GET* */adminpanel/bd*
*3:38:35* *GET* */adminpanel/css/style.css*
*3:38:35* *GET* */adminpanel/images/logo/logo.png*
*3:38:40* *GET* */adminpanel/bd*
*3:38:40* *GET* */adminpanel/css/style.css*
*3:38:40* *GET* */adminpanel/images/logo/logo.png*
*3:39:4* *GET* */adminpanel/bd*
*3:39:4* *GET* */adminpanel/css/style.css*
*3:39:4* *GET* */adminpanel/images/logo/logo.png*
*3:39:7* *GET* */*
*3:39:12* *GET* */adminpanel/bd*
*3:39:12* *GET* */adminpanel/css/style.css*
*3:39:12* *GET* */adminpanel/images/logo/logo.png*
*3:39:15* *GET* */adminpanel/bd*
*3:39:15* *GET* */adminpanel/css/style.css*
*3:39:15* *GET* */adminpanel/images/logo/logo.png*
*3:39:34* *GET* */adminpanel/bd*
*3:39:34* *GET* */adminpanel/css/style.css*
*3:39:34* *GET* */adminpanel/images/logo/logo.png*
*3:39:41* *GET* */adminpanel*
*3:39:44* *GET* */bd*
*3:40:6* *GET* */adminpanel*
*3:40:7* *GET* */adminpanel/bd*
*3:40:8* *GET* */adminpanel/css/style.css*
*3:40:8* *GET* */adminpanel/images/logo/logo.png*
*3:41:10* *GET* */adminpanel*
*3:41:11* *GET* */adminpanel/bd*
*3:41:11* *GET* */adminpanel/css/style.css*
*3:41:11* *GET* */adminpanel/images/logo/logo.png*
*3:41:14* *GET* */adminpanel/css/style.css*
*3:41:31* *GET* */adminpanel/bd*
*3:41:31* *GET* */adminpanel/css/style.css*
*3:41:31* *GET* */adminpanel/images/logo/logo.png*
*3:42:31* *GET* */adminpanel/bd*
*3:42:31* *GET* */adminpanel/css/style.css*
*3:42:31* *GET* */adminpanel/images/logo/logo.png*
*3:42:33* *GET* */adminpanel/bd*
*3:42:33* *GET* */adminpanel/css/style.css*
*3:42:33* *GET* */adminpanel/images/logo/logo.png*
*3:42:39* *GET* */adminpanel/bd*
*3:42:39* *GET* */adminpanel/css/style.css*
*3:42:39* *GET* */adminpanel/images/logo/logo.png*
*3:42:40* *GET* */adminpanel/bd*
*3:42:40* *GET* */adminpanel/css/style.css*
*3:42:40* *GET* */adminpanel/images/logo/logo.png*
*3:42:41* *GET* */adminpanel/bd*
*3:42:41* *GET* */adminpanel/images/logo/logo.png*
*3:42:41* *GET* */adminpanel/css/style.css*
*3:44:58* *GET* */adminpanel/bd*
*3:44:58* *GET* */adminpanel/images/logo/logo.png*
*3:44:58* *GET* */adminpanel/css/style.css*
*3:45:0* *GET* */adminpanel/bd*
*3:45:0* *GET* */adminpanel/css/style.css*
*3:45:0* *GET* */adminpanel/images/logo/logo.png*
*3:45:0* *GET* */adminpanel/images/icon/favicon.png*
*3:45:0* *GET* */adminpanel/bd*
*3:45:0* *GET* */adminpanel/css/style.css*
*3:45:0* *GET* */adminpanel/images/logo/logo.png*
*3:45:1* *GET* */adminpanel/images/icon/favicon.png*
*3:47:15* *GET* */adminpanel/bd*
*3:47:15* *GET* */loginfail*
*3:47:22* *GET* */*
*3:47:37* *GET* */adminpanel*
*3:47:37* *GET* */loginfail*
*3:47:38* *GET* */*
*3:47:43* *POST* */*
*3:47:43* *GET* */loginon*
*3:47:45* *GET* */adminpanel*
*3:47:46* *GET* */adminpanel/bd*
*3:47:46* *GET* */adminpanel/css/style.css*
*3:47:46* *GET* */adminpanel/images/logo/logo.png*
*3:50:36* *GET* */adminpanel/bd*
*3:50:36* *GET* */adminpanel/css/style.css*
*3:50:36* *GET* */adminpanel/images/logo/logo.png*
*3:50:47* *GET* */adminpanel/css/style.css*
*3:51:23* *GET* */adminpanel/css/style.css*
*3:51:28* *GET* */adminpanel*
*3:51:30* *GET* */adminpanel/bd*
*3:51:30* *GET* */adminpanel/css/style.css*
*3:51:30* *GET* */adminpanel/images/logo/logo.png*
*3:52:16* *GET* */adminpanel/bd*
*3:52:16* *GET* */adminpanel/css/style.css*
*3:52:16* *GET* */adminpanel/images/logo/logo.png*
*3:52:17* *GET* */adminpanel/bd*
*3:52:17* *GET* */adminpanel/css/style.css*
*3:52:17* *GET* */adminpanel/images/logo/logo.png*
*3:52:19* *GET* */adminpanel/css/style.css*
*3:52:23* *GET* */adminpanel*
*3:52:26* *GET* */adminpanel/bd*
*3:52:27* *GET* */adminpanel/css/style.css*
*3:52:27* *GET* */adminpanel/images/logo/logo.png*
*3:52:31* *GET* */adminpanel*
*3:54:36* *GET* */adminpanel/bd*
*3:54:36* *GET* */adminpanel/css/style.css*
*3:54:36* *GET* */adminpanel/images/logo/logo.png*
*3:55:6* *GET* */adminpanel/bd*
*3:55:6* *GET* */adminpanel/css/style.css*
*3:55:6* *GET* */adminpanel/images/logo/logo.png*
*3:55:22* *GET* */adminpanel/bd*
*3:55:22* *GET* */adminpanel/css/style.css*
*3:55:22* *GET* */adminpanel/images/logo/logo.png*
*3:57:7* *GET* */adminpanel/bd*
*3:57:7* *GET* */adminpanel/css/style.css*
*3:57:7* *GET* */adminpanel/images/logo/logo.png*
*3:57:35* *GET* */adminpanel/bd*
*3:57:35* *GET* */static/css/style.css*
*3:57:35* *GET* */adminpanel/images/logo/logo.png*
*3:57:37* *GET* */adminpanel/bd*
*3:57:37* *GET* */static/css/style.css*
*3:57:37* *GET* */adminpanel/images/logo/logo.png*
*3:57:45* *GET* */adminpanel/bd*
*3:57:45* *GET* */static/css/style.css*
*3:57:45* *GET* */adminpanel/images/logo/logo.png*
*3:57:45* *GET* */adminpanel/images/icon/favicon.png*
*3:57:47* *GET* */adminpanel/bd*
*3:57:47* *GET* */static/css/style.css*
*3:57:47* *GET* */adminpanel/images/logo/logo.png*
*3:57:47* *GET* */adminpanel/images/icon/favicon.png*
*3:57:55* *GET* */adminpanel/bd*
*3:57:55* *GET* */static/css/style.css*
*3:57:55* *GET* */adminpanel/images/logo/logo.png*
*3:57:56* *GET* */adminpanel/bd*
*3:57:56* *GET* */static/css/style.css*
*3:57:56* *GET* */adminpanel/images/logo/logo.png*
*3:59:28* *GET* */adminpanel/bd*
*3:59:28* *GET* */static/css/style.css*
*3:59:28* *GET* */adminpanel/images/logo/logo.png*
*3:59:29* *GET* */adminpanel/bd*
*3:59:29* *GET* */static/css/style.css*
*3:59:29* *GET* */adminpanel/images/logo/logo.png*
*4:1:0* *GET* */adminpanel/bd*
*4:1:0* *GET* */static/css/style.css*
*4:1:0* *GET* */adminpanel/images/logo/logo.png*
*4:1:57* *GET* */adminpanel/bd*
*4:1:58* *GET* */static/css/style.css*
*4:1:58* *GET* */adminpanel/images/logo/logo.png*
*4:2:6* *GET* */adminpanel/bd*
*4:2:6* *GET* */static/css/style.css*
*4:2:6* *GET* */adminpanel/images/logo/logo.png*
*4:3:52* *GET* */adminpanel/bd*
*4:3:52* *GET* */static/css/style.css*
*4:3:52* *GET* */adminpanel/images/logo/logo.png*
*4:5:17* *GET* */adminpanel/bd*
*4:5:17* *GET* */static/css/style.css*
*4:5:17* *GET* */adminpanel/images/logo/logo.png*
*4:5:58* *GET* */adminpanel/bd*
*4:5:58* *GET* */static/css/style.css*
*4:5:58* *GET* */adminpanel/images/logo/logo.png*
*4:5:59* *GET* */adminpanel/bd*
*4:5:59* *GET* */static/css/style.css*
*4:5:59* *GET* */adminpanel/images/logo/logo.png*
*4:6:56* *GET* */adminpanel/bd*
*4:6:56* *GET* */static/css/style.css*
*4:6:56* *GET* */adminpanel/images/logo/logo.png*
*4:6:57* *GET* */adminpanel/bd*
*4:6:57* *GET* */static/css/style.css*
*4:6:57* *GET* */adminpanel/images/logo/logo.png*
*4:7:2* *GET* */adminpanel/bd*
*4:7:2* *GET* */static/css/style.css*
*4:7:2* *GET* */adminpanel/images/logo/logo.png*
*4:10:1* *GET* */adminpanel/bd*
*4:10:1* *GET* */adminpanel/images/logo/logo.png*
*4:10:1* *GET* */adminpanel/css/style.css*
*4:10:35* *GET* */adminpanel/bd*
*4:10:35* *GET* */adminpanel/images/logo/logo.png*
*4:10:55* *GET* */adminpanel/bd*
*4:11:4* *GET* */adminpanel*
*4:11:7* *GET* */adminpanel/bd*
*4:11:9* *GET* */adminpanel*
*4:11:10* *GET* */adminpanel/bd*
*4:11:11* *GET* */adminpanel*
*4:13:8* *GET* */adminpanel*
*4:13:9* *GET* */adminpanel*
*4:13:11* *GET* */adminpanel/bd*
*4:13:14* *GET* */adminpanel/bd*
*4:18:11* *GET* */adminpanel*
*4:18:15* *GET* */adminpanel*
*4:18:16* *GET* */adminpanel/bd*
*4:22:12* *GET* */adminpanel*
*4:22:13* *GET* */adminpanel/bd*
*4:25:3* *GET* */adminpanel/bd*
*4:25:4* *GET* */adminpanel*
*4:25:5* *GET* */adminpanel/bd*
*4:25:33* *GET* */adminpanel*
*4:25:34* *GET* */adminpanel/bd*
*4:34:6* *GET* */adminpanel/bd*
*4:34:22* *GET* */adminpanel/bd*
*4:35:10* *GET* */adminpanel/bd*
*4:35:40* *GET* */adminpanel/bd*
*4:41:23* *GET* */adminpanel/bd*
*4:41:34* *GET* */*
*4:42:42* *GET* */*
*4:43:8* *GET* */*
*4:43:26* *GET* */*
*4:43:27* *GET* */*
*4:44:22* *GET* */*
*4:46:37* *GET* */*
*4:46:50* *GET* */*
*4:48:4* *GET* */*
*4:49:13* *GET* */*
*4:50:22* *GET* */*
*23:29:55* *GET* */*
*23:30:14* *GET* */adminoanel*
*23:30:20* *GET* */adminpanel*
*23:30:20* *GET* */loginfail*
*23:30:27* *GET* */*
*23:32:23* *GET* */adminpanel*
*23:32:23* *GET* */loginfail*
*23:32:26* *GET* */*
*23:39:27* *GET* */*
*23:39:37* *POST* */*
*23:39:38* *GET* */loginon*
*23:39:41* *GET* */adminpanel*
*23:39:49* *GET* */adminpanel/bd*
*23:41:45* *GET* */adminpanel/bd*
*23:41:46* *GET* */logout*
*23:41:47* *GET* */*
*23:41:53* *POST* */*
*23:41:54* *GET* */loginfail*
*23:41:55* *GET* */*
*23:42:1* *POST* */*
*23:42:1* *GET* */loginon*
*23:42:3* *GET* */adminpanel*
*23:42:5* *GET* */adminpanel/bd*
*23:42:6* *GET* */adminpanel*
*23:42:11* *GET* */adminpanel/bd*
*23:42:14* *GET* */adminpanel/bd*
*23:42:41* *GET* */logout*
*23:42:42* *GET* */*
*23:42:51* *GET* */*
*23:43:29* *GET* */*
*23:43:38* *POST* */*
*23:43:38* *GET* */loginon*
*23:43:50* *GET* */adminpanel*
*23:44:21* *GET* */adminpanel/bd*
*23:56:13* *GET* */adminpanel*
*23:56:28* *GET* */*
*23:56:36* *GET* */*
*23:56:44* *GET* */*
*23:56:50* *GET* */*
*23:57:4* *GET* */*
*23:57:6* *GET* */*
*0:2:11* *GET* */adminpanel*
*0:2:13* *GET* */adminpanel/bd*
*2:22:4* *GET* */*
*2:22:7* *POST* */*
*2:22:7* *GET* */loginfail*
*2:22:8* *GET* */*
*2:23:1* *GET* */*
*2:23:6* *POST* */*
*2:23:6* *GET* */loginfail*
*2:23:8* *GET* */*
*2:23:10* *POST* */*
*2:23:10* *GET* */loginfail*
*2:23:12* *GET* */*
*2:23:23* *POST* */*
*2:23:24* *GET* */loginon*
*2:23:26* *GET* */adminpanel*
*2:23:27* *GET* */logout*
*2:23:28* *GET* */*
*2:37:27* *GET* */*
*2:37:29* *POST* */*
*2:37:38* *POST* */*
*2:37:38* *GET* */loginfail*
*2:37:40* *GET* */*
*2:37:42* *GET* */*
*2:37:43* *POST* */*
*2:37:44* *GET* */loginfail*
*11:34:31* *GET* */*
*11:35:2* *GET* */*
*11:37:20* *GET* */*
*11:37:20* *GET* */static/css/style.css*
*11:37:20* *GET* */static/js/auth.js*
*11:37:20* *GET* */static/images/logo/logo.png*
*11:37:21* *GET* */static/images/icon/favicon.png*
*11:37:27* *GET* */*
*11:37:27* *GET* */static/css/style.css*
*11:37:27* *GET* */static/js/auth.js*
*11:37:27* *GET* */static/images/logo/logo.png*
*11:37:39* *GET* */static/css/style.css*
*11:39:53* *GET* */*
*11:39:53* *GET* */static/css/style.css*
*11:39:53* *GET* */static/js/auth.js*
*11:41:2* *GET* */*
*11:41:2* *GET* */static/css/style.css*
*11:41:2* *GET* */static/js/auth.js*
*11:41:4* *GET* */*
*11:41:4* *GET* */static/css/style.css*
*11:41:4* *GET* */static/js/auth.js*
*11:41:33* *GET* */*
*11:42:17* *GET* */*
*11:42:18* *GET* */static/css/style.css*
*11:42:18* *GET* */static/js/auth.js*
*11:43:0* *GET* */*
*11:43:0* *GET* */static/css/style.css*
*11:43:0* *GET* */static/js/auth.js*
*11:43:1* *GET* */*
*11:43:1* *GET* */static/css/style.css*
*11:43:1* *GET* */static/js/auth.js*
*11:44:42* *GET* */*
*11:44:42* *GET* */static/css/style.css*
*11:44:42* *GET* */static/js/auth.js*
*11:46:42* *GET* */*
*11:46:42* *GET* */static/css/style.css*
*11:46:43* *GET* */static/js/auth.js*
*11:46:58* *GET* */*
*11:46:58* *GET* */static/css/style.css*
*11:46:58* *GET* */static/js/auth.js*
*11:47:23* *GET* */*
*11:47:23* *GET* */static/css/style.css*
*11:47:23* *GET* */static/js/auth.js*
*11:48:3* *GET* */*
*11:48:4* *GET* */passport-local-webinar-master/static/css/style.css*
*11:48:4* *GET* */static/js/auth.js*
*11:48:16* *GET* */*
*11:48:16* *GET* */static/css/style.css*
*11:48:16* *GET* */static/js/auth.js*
*11:48:23* *GET* */*
*11:48:24* *GET* */static/js/auth.js*
*11:48:52* *GET* */*
*11:49:4* *GET* */*
*11:51:43* *GET* */*
*11:52:36* *GET* */*
*11:52:45* *POST* */*
*11:52:45* *GET* */loginfail*
*11:52:50* *GET* */*
*12:55:8* *GET* */*
*12:55:12* *GET* */*
*15:7:2* *GET* */*
*15:7:43* *GET* */*
*15:7:44* *GET* */css/style.css*
*15:7:44* *GET* */js/auth.js*
*15:7:44* *GET* */images/logo/logo.png*
*15:7:45* *GET* */images/icon/favicon.png*
*15:8:4* *GET* */*
*15:8:8* *GET* */*
*15:14:12* *GET* */*
*15:14:14* *POST* */*
*15:14:15* *GET* */loginfail*
*15:14:18* *GET* */*
*15:14:26* *POST* */*
*15:14:26* *GET* */loginon*
*15:14:28* *GET* */adminpanel*
*15:18:5* *GET* */adminpanel*
*15:18:5* *GET* */static/css/style.css*
*15:18:5* *GET* */static/js/authon.js*
*15:18:6* *GET* */static/images/icon/favicon.png*
*15:18:12* *GET* */static/css/style.css*
*15:18:52* *GET* */adminpanel*
*15:18:52* *GET* */static/css/style.css*
*15:18:52* *GET* */static/js/authon.js*
*15:18:57* *GET* */adminpanel*
*15:18:57* *GET* */static/js/authon.js*
*15:18:57* *GET* */static/css/style.css*
*15:19:20* *GET* */adminpanel*
*15:19:30* *GET* */logout*
*15:19:30* *GET* */*
*15:19:32* *GET* */*
*15:19:39* *POST* */*
*15:19:40* *GET* */loginfail*
*15:19:42* *GET* */*
*15:19:48* *POST* */*
*15:19:48* *GET* */loginon*
*15:19:51* *GET* */adminpanel*
*15:20:26* *GET* */adminpanel*
*15:20:41* *GET* */adminpanel*
*15:20:45* *GET* */logout*
*15:20:46* *GET* */*
*15:21:16* *GET* */*
*15:21:25* *GET* */*
*8:55:5* *GET* */*
*8:55:18* *POST* */*
*8:55:19* *GET* */loginfail*
*8:55:21* *GET* */*
*8:55:35* *POST* */*
*8:55:37* *GET* */loginon*
*8:55:39* *GET* */adminpanel*
*8:55:43* *GET* */logout*
*8:55:43* *GET* */*
*8:56:53* *GET* */*
*8:57:3* *POST* */*
*8:57:4* *GET* */loginfail*
*8:57:7* *GET* */*
*10:19:19* *GET* */*
*10:19:35* *POST* */*
*10:20:8* *GET* */*
*10:20:13* *POST* */*
*10:23:55* *GET* */*
*10:24:5* *POST* */*
*10:24:13* *GET* */*
*10:24:47* *GET* */*
*10:27:57* *GET* */*
*10:28:11* *POST* */*
*13:34:50* *GET* */*
*13:34:57* *POST* */*
*13:34:57* *GET* */loginfail*
*13:34:59* *GET* */*
*13:35:6* *POST* */*
*13:35:6* *GET* */loginon*
*13:35:7* *GET* */adminpanel*
*13:35:20* *GET* */*
*13:35:24* *GET* */adminpanel*
*14:10:17* *GET* */hudson*
*14:35:29* *GET* */*
*14:35:47* *GET* */*
*14:43:30* *GET* */*
*14:43:34* *POST* */*
*14:43:34* *GET* */loginfail*
*14:43:35* *GET* */*
*14:50:43* *GET* */*
*14:54:19* *POST* */*
*14:54:19* *GET* */loginfail*
*14:54:22* *GET* */*
*14:54:54* *POST* */*
*14:54:54* *GET* */loginfail*
*14:54:57* *GET* */*
*14:55:8* *POST* */*
*14:55:8* *GET* */loginon*
*14:55:13* *GET* */adminpanel*
*14:57:9* *GET* */adminpanel*
*14:57:26* *GET* */logout*
*14:57:27* *GET* */*
*14:57:43* *POST* */*
*14:57:43* *GET* */loginfail*
*14:57:46* *GET* */*
*14:58:16* *GET* */*
*14:58:40* *POST* */*
*14:58:40* *GET* */loginon*
*14:58:42* *GET* */adminpanel*
*14:58:44* *GET* */logout*
*14:58:45* *GET* */*
*15:5:52* *POST* */*
*15:5:52* *GET* */loginfail*
*15:6:59* *GET* */*
*15:7:2* *POST* */*
*15:7:2* *GET* */loginfail*
*15:7:4* *GET* */*
*15:7:6* *POST* */*
*15:7:7* *GET* */loginfail*
*15:7:9* *GET* */*
*15:7:11* *POST* */*
*15:7:11* *GET* */loginfail*
*15:7:16* *GET* */*
*15:7:18* *POST* */*
*15:7:19* *GET* */loginfail*
*15:7:20* *GET* */*
*15:7:23* *POST* */*
*15:7:23* *GET* */loginfail*
*15:7:25* *GET* */*
*15:7:27* *POST* */*
*15:7:28* *GET* */loginfail*
*15:7:33* *GET* */*
*15:7:40* *POST* */*
*15:7:40* *GET* */loginfail*
*15:7:42* *GET* */*
*15:7:48* *POST* */*
*15:7:48* *GET* */loginfail*
*15:7:50* *GET* */*
*15:8:7* *GET* */*
*15:8:39* *GET* */*
*15:8:56* *GET* */phpmyadmin/*
*15:8:56* *GET* */favicon.ico*
*15:9:0* *GET* */*
*15:9:27* *POST* */*
*15:9:27* *GET* */loginon*
*15:9:32* *GET* */adminpanel*
*15:22:6* *GET* */*
*15:22:16* *GET* */*
*15:23:39* *POST* */*
*15:23:39* *GET* */loginfail*
*15:23:50* *GET* */*
*15:24:0* *GET* */*
*15:24:4* *GET* */*
*15:24:15* *POST* */*
*15:24:15* *GET* */loginon*
*15:24:17* *GET* */adminpanel*
*15:24:37* *GET* */logout*
*15:24:37* *GET* */*
*15:24:52* *GET* */adminpanel*
*15:24:53* *GET* */loginfail*
*15:24:54* *GET* */loginfail*
*15:24:58* *GET* */adminpanel*
*15:24:58* *GET* */*
*15:24:58* *GET* */loginfail*
*15:25:1* *GET* */*
*15:25:5* *POST* */*
*15:25:6* *GET* */loginon*
*15:25:9* *GET* */adminpanel*
*15:25:12* *POST* */*
*15:25:13* *GET* */loginfail*
*15:25:15* *GET* */*
*15:25:19* *GET* */logout*
*15:25:20* *GET* */*
*15:25:25* *POST* */*
*15:25:26* *GET* */loginfail*
*15:25:28* *GET* */*
*15:27:20* *POST* */*
*15:27:20* *GET* */loginon*
*15:27:23* *GET* */adminpanel*
*15:27:24* *POST* */*
*15:27:24* *GET* */loginfail*
*15:27:27* *GET* */*
*15:27:36* *POST* */*
*15:27:36* *GET* */loginon*
*15:27:38* *GET* */adminpanel*
*15:27:40* *GET* */adminpanel/bd*
*15:27:47* *GET* */adminpanel/bd*
*15:27:48* *GET* */adminpanel/bd*
*15:27:48* *GET* */adminpanel/bd*
*15:32:32* *GET* */adminpanel*
*15:32:34* *GET* */adminpanel*
*15:34:24* *GET* */adminpanel/bd*
*15:34:28* *GET* */adminpanel/bd*
*15:34:39* *GET* */adminpanel/bd*
*15:34:43* *GET* */adminpanel/bd*
*15:38:38* *GET* */adminpanel*
*15:40:1* *GET* */adminpanel*
*15:40:4* *GET* */adminpanel*
*15:40:8* *GET* */adminpanel*
*15:42:34* *GET* */adminpanel/bd*
*15:42:43* *GET* */logout*
*15:42:43* *GET* */*
*15:42:51* *GET* */adminpanel/bd*
*15:42:51* *GET* */loginfail*
*15:42:54* *GET* */*
*15:43:3* *POST* */*
*15:43:3* *GET* */loginon*
*15:43:5* *GET* */adminpanel*
*15:49:18* *GET* */*
*15:52:4* *GET* */logout*
*15:52:4* *GET* */*
*15:53:30* *GET* */*
*15:53:37* *GET* */adminpanel*
*15:53:37* *GET* */loginfail*
*15:53:39* *POST* */*
*15:53:39* *GET* */loginon*
*15:53:40* *GET* */*
*15:53:41* *GET* */adminpanel*
*15:56:0* *GET* */*
*15:56:2* *GET* */*
*15:56:3* *GET* */*
*15:56:3* *GET* */*
*15:56:3* *GET* */*
*15:56:3* *GET* */*
*15:56:4* *GET* */*
*15:56:4* *GET* */*
*15:56:4* *GET* */*
*15:56:5* *GET* */*
*15:56:5* *GET* */*
*15:56:5* *GET* */*
*15:56:5* *GET* */*
*15:56:6* *GET* */*
*15:56:6* *GET* */*
*15:56:6* *GET* */*
*15:56:7* *GET* */*
*15:56:7* *GET* */*
*15:56:7* *GET* */*
*15:56:8* *GET* */*
*15:56:9* *GET* */*
*15:56:9* *GET* */*
*15:56:10* *GET* */*
*15:56:10* *GET* */*
*15:56:10* *GET* */*
*15:56:10* *GET* */*
*15:56:11* *GET* */*
*15:56:11* *GET* */*
*15:56:11* *GET* */*
*15:56:15* *POST* */*
*15:56:16* *GET* */loginfail*
*15:56:17* *POST* */*
*15:56:17* *GET* */loginfail*
*15:56:18* *GET* */*
*15:56:23* *GET* */*
*15:56:28* *GET* */*
*15:56:31* *POST* */*
*15:56:31* *GET* */loginfail*
*15:56:33* *GET* */*
*15:56:37* *GET* */*
*15:56:48* *POST* */*
*15:56:48* *GET* */loginon*
*15:56:50* *GET* */adminpanel*
*15:56:55* *POST* */*
*15:56:56* *GET* */loginfail*
*15:56:57* *GET* */*
*15:57:15* *POST* */*
*15:57:16* *GET* */loginfail*
*15:57:16* *GET* */*
*15:57:18* *GET* */*
*15:57:21* *GET* */adminpanel*
*15:57:24* *GET* */adminpanel*
*15:57:26* *GET* */adminpanel*
*15:57:27* *GET* */adminpanel*
*15:57:27* *GET* */adminpanel*
*15:57:28* *GET* */adminpanel*
*15:57:29* *POST* */*
*15:57:29* *GET* */loginfail*
*15:57:30* *GET* */*
*15:57:31* *GET* */*
*15:57:35* *POST* */*
*15:57:35* *GET* */loginon*
*15:57:38* *GET* */adminpanel*
*15:57:39* *POST* */*
*15:57:39* *GET* */loginon*
*15:57:39* *GET* */adminpanel*
*15:57:41* *GET* */adminpanel*
*15:57:45* *GET* */adminpanel/bd*
*15:57:47* *GET* */adminpanel*
*15:57:54* *GET* */*
*15:58:8* *GET* */*
*16:0:6* *POST* */phpmyadmin/index.php*
*16:1:14* *GET* */*
*16:1:25* *GET* */*
*16:1:29* *GET* */*
*16:2:39* *GET* */*
*16:2:47* *GET* */*
*16:3:43* *GET* */*
*16:4:1* *GET* */*
*16:4:22* *GET* */*
*16:4:26* *GET* */*
*16:4:29* *GET* */*
*16:4:36* *GET* */adminpanel*
*16:4:36* *GET* */loginfail*
*16:4:40* *GET* */*
*16:4:42* *GET* */*
*16:4:45* *GET* */*
*16:5:44* *GET* */*
*16:5:46* *GET* */*
*16:5:49* *GET* */*
*16:5:50* *GET* */*
*16:5:52* *GET* */*
*16:5:53* *GET* */*
*16:5:53* *GET* */*
*16:5:53* *GET* */*
*16:5:54* *GET* */*
*16:5:54* *GET* */*
*16:5:54* *GET* */*
*16:5:55* *GET* */*
*16:5:55* *GET* */*
*16:5:55* *GET* */*
*16:5:56* *GET* */*
*16:5:56* *GET* */*
*16:5:56* *GET* */*
*16:5:57* *GET* */*
*16:5:57* *GET* */*
*16:6:0* *GET* */*
*16:6:5* *GET* */*
*16:6:6* *GET* */*
*16:6:7* *GET* */*
*16:6:7* *GET* */*
*16:6:7* *GET* */*
*16:6:8* *GET* */*
*16:6:8* *GET* */*
*16:6:8* *GET* */*
*16:6:8* *GET* */*
*16:6:8* *GET* */*
*16:6:8* *GET* */*
*16:6:9* *GET* */*
*16:6:9* *GET* */*
*16:6:11* *GET* */*
*16:6:18* *GET* */*
*16:6:21* *POST* */*
*16:6:21* *GET* */loginfail*
*16:6:23* *GET* */*
*16:6:33* *GET* */phpmyadmin*
*16:6:33* *GET* */favicon.ico*
*16:6:52* *GET* */phpmyadmin/*
*16:6:53* *GET* */favicon.ico*
*16:6:58* *GET* */phpmyadmin*
*16:7:49* *GET* */phpmyadmin/index.php?ajax_request=true&ajax_page_request=true&_nocache=1621343271128962205&token=34392234623271725965496d45416e4f*
*16:7:54* *GET* */phpmyadmin/index.php*
*16:7:59* *GET* */phpmyadmin/*
*16:8:11* *GET* */phpmyadmin*
*16:8:24* *GET* */phpmyadmin*
*16:8:30* *GET* */phpmyadmin/index.php*
*16:8:36* *GET* */phpmyadmin/sql.php?server=1&db=mysql&table=users&pos=0*
*16:8:40* *GET* */*
*16:12:15* *GET* */*
*16:24:27* *GET* */*
*16:24:34* *GET* */*
*16:24:35* *GET* */phpmyadmin/*
*16:24:35* *GET* */favicon.ico*
*16:24:39* *GET* */*
*16:24:44* *GET* */phpmyadmin*
*16:24:51* *GET* */*
*16:24:53* *GET* */*
*11:20:53* *GET* */*
*11:20:58* *POST* */*
*11:21:39* *GET* */*
*11:21:41* *POST* */*
*11:23:12* *GET* */*
*11:23:15* *POST* */*
*11:23:23* *POST* */*
*11:50:6* *GET* */*
*11:50:9* *POST* */*
*11:50:15* *GET* */*
*11:50:18* *POST* */*
